<?xml version="1.0" encoding="UTF-8"?>
<coverage generated="1599613789126" clover="3.2.0">
  <project timestamp="1599613789126" name="All files">
    <metrics statements="803" coveredstatements="152" conditionals="476" coveredconditionals="56" methods="172" coveredmethods="21" elements="1451" coveredelements="229" complexity="0" loc="803" ncloc="803" packages="1" files="5" classes="5"/>
    <file name="browser.js" path="C:\Users\Mac\github\browserslist\browser.js">
      <metrics statements="9" coveredstatements="2" conditionals="2" coveredconditionals="0" methods="7" coveredmethods="0"/>
      <line num="1" count="1" type="stmt"/>
      <line num="5" count="1" type="stmt"/>
      <line num="7" count="0" type="stmt"/>
      <line num="12" count="0" type="stmt"/>
      <line num="16" count="0" type="cond" truecount="0" falsecount="2"/>
      <line num="17" count="0" type="stmt"/>
      <line num="23" count="0" type="stmt"/>
      <line num="29" count="0" type="stmt"/>
      <line num="34" count="0" type="stmt"/>
    </file>
    <file name="error.js" path="C:\Users\Mac\github\browserslist\error.js">
      <metrics statements="7" coveredstatements="2" conditionals="2" coveredconditionals="0" methods="1" coveredmethods="0"/>
      <line num="2" count="0" type="stmt"/>
      <line num="3" count="0" type="stmt"/>
      <line num="4" count="0" type="stmt"/>
      <line num="5" count="0" type="cond" truecount="0" falsecount="2"/>
      <line num="6" count="0" type="stmt"/>
      <line num="10" count="33" type="stmt"/>
      <line num="12" count="33" type="stmt"/>
    </file>
    <file name="index.js" path="C:\Users\Mac\github\browserslist\index.js">
      <metrics statements="542" coveredstatements="94" conditionals="304" coveredconditionals="31" methods="128" coveredmethods="14"/>
      <line num="1" count="31" type="stmt"/>
      <line num="2" count="31" type="stmt"/>
      <line num="3" count="31" type="stmt"/>
      <line num="4" count="31" type="stmt"/>
      <line num="5" count="31" type="stmt"/>
      <line num="7" count="31" type="stmt"/>
      <line num="8" count="31" type="stmt"/>
      <line num="10" count="31" type="stmt"/>
      <line num="11" count="31" type="stmt"/>
      <line num="13" count="31" type="stmt"/>
      <line num="14" count="31" type="stmt"/>
      <line num="17" count="0" type="stmt"/>
      <line num="21" count="0" type="stmt"/>
      <line num="22" count="0" type="stmt"/>
      <line num="23" count="0" type="stmt"/>
      <line num="28" count="1178" type="stmt"/>
      <line num="29" count="97185" type="stmt"/>
      <line num="34" count="0" type="stmt"/>
      <line num="35" count="0" type="cond" truecount="0" falsecount="2"/>
      <line num="36" count="0" type="stmt"/>
      <line num="41" count="0" type="stmt"/>
      <line num="45" count="0" type="stmt"/>
      <line num="46" count="0" type="stmt"/>
      <line num="51" count="0" type="stmt"/>
      <line num="55" count="0" type="cond" truecount="0" falsecount="2"/>
      <line num="56" count="0" type="stmt"/>
      <line num="57" count="0" type="stmt"/>
      <line num="58" count="0" type="cond" truecount="0" falsecount="2"/>
      <line num="59" count="0" type="stmt"/>
      <line num="61" count="0" type="stmt"/>
      <line num="62" count="0" type="stmt"/>
      <line num="63" count="0" type="cond" truecount="0" falsecount="2"/>
      <line num="64" count="0" type="stmt"/>
      <line num="66" count="0" type="stmt"/>
      <line num="70" count="1" type="stmt"/>
      <line num="71" count="1" type="cond" truecount="1" falsecount="1"/>
      <line num="72" count="0" type="stmt"/>
      <line num="73" count="0" type="cond" truecount="0" falsecount="2"/>
      <line num="74" count="0" type="stmt"/>
      <line num="78" count="1" type="stmt"/>
      <line num="84" count="589" type="stmt"/>
      <line num="85" count="10261" type="stmt"/>
      <line num="90" count="0" type="stmt"/>
      <line num="91" count="0" type="cond" truecount="0" falsecount="2"/>
      <line num="92" count="0" type="stmt"/>
      <line num="93" count="0" type="stmt"/>
      <line num="95" count="0" type="cond" truecount="0" falsecount="2"/>
      <line num="96" count="0" type="stmt"/>
      <line num="97" count="0" type="stmt"/>
      <line num="99" count="0" type="cond" truecount="0" falsecount="2"/>
      <line num="100" count="0" type="stmt"/>
      <line num="101" count="0" type="stmt"/>
      <line num="104" count="0" type="stmt"/>
      <line num="105" count="0" type="stmt"/>
      <line num="111" count="0" type="stmt"/>
      <line num="112" count="0" type="cond" truecount="0" falsecount="2"/>
      <line num="113" count="0" type="cond" truecount="0" falsecount="2"/>
      <line num="114" count="0" type="cond" truecount="0" falsecount="2"/>
      <line num="115" count="0" type="stmt"/>
      <line num="116" count="0" type="stmt"/>
      <line num="117" count="0" type="stmt"/>
      <line num="119" count="0" type="cond" truecount="0" falsecount="2"/>
      <line num="120" count="0" type="stmt"/>
      <line num="121" count="0" type="stmt"/>
      <line num="122" count="0" type="stmt"/>
      <line num="124" count="0" type="cond" truecount="0" falsecount="2"/>
      <line num="125" count="0" type="stmt"/>
      <line num="126" count="0" type="stmt"/>
      <line num="127" count="0" type="stmt"/>
      <line num="130" count="0" type="stmt"/>
      <line num="131" count="0" type="stmt"/>
      <line num="132" count="0" type="stmt"/>
      <line num="138" count="0" type="stmt"/>
      <line num="142" count="0" type="cond" truecount="0" falsecount="2"/>
      <line num="143" count="0" type="cond" truecount="0" falsecount="2"/>
      <line num="144" count="0" type="stmt"/>
      <line num="148" count="0" type="stmt"/>
      <line num="157" count="0" type="stmt"/>
      <line num="158" count="0" type="cond" truecount="0" falsecount="2"/>
      <line num="159" count="0" type="stmt"/>
      <line num="163" count="0" type="cond" truecount="0" falsecount="3"/>
      <line num="165" count="0" type="stmt"/>
      <line num="166" count="0" type="stmt"/>
      <line num="167" count="0" type="stmt"/>
      <line num="171" count="0" type="stmt"/>
      <line num="172" count="0" type="stmt"/>
      <line num="173" count="0" type="stmt"/>
      <line num="180" count="0" type="cond" truecount="0" falsecount="2"/>
      <line num="181" count="0" type="cond" truecount="0" falsecount="2"/>
      <line num="183" count="0" type="cond" truecount="0" falsecount="2"/>
      <line num="184" count="0" type="stmt"/>
      <line num="186" count="0" type="cond" truecount="0" falsecount="2"/>
      <line num="187" count="0" type="cond" truecount="0" falsecount="2"/>
      <line num="189" count="0" type="stmt"/>
      <line num="193" count="0" type="cond" truecount="0" falsecount="2"/>
      <line num="194" count="0" type="stmt"/>
      <line num="195" count="0" type="cond" truecount="0" falsecount="2"/>
      <line num="196" count="0" type="stmt"/>
      <line num="198" count="0" type="stmt"/>
      <line num="203" count="0" type="stmt"/>
      <line num="204" count="0" type="cond" truecount="0" falsecount="2"/>
      <line num="205" count="0" type="stmt"/>
      <line num="206" count="0" type="cond" truecount="0" falsecount="2"/>
      <line num="207" count="0" type="stmt"/>
      <line num="209" count="0" type="stmt"/>
      <line num="214" count="0" type="stmt"/>
      <line num="215" count="0" type="stmt"/>
      <line num="216" count="0" type="stmt"/>
      <line num="217" count="0" type="cond" truecount="0" falsecount="2"/>
      <line num="218" count="0" type="stmt"/>
      <line num="219" count="0" type="stmt"/>
      <line num="221" count="0" type="stmt"/>
      <line num="226" count="0" type="stmt"/>
      <line num="235" count="0" type="stmt"/>
      <line num="236" count="0" type="cond" truecount="0" falsecount="2"/>
      <line num="238" count="0" type="stmt"/>
      <line num="239" count="0" type="cond" truecount="0" falsecount="2"/>
      <line num="241" count="0" type="stmt"/>
      <line num="242" count="0" type="stmt"/>
      <line num="243" count="0" type="cond" truecount="0" falsecount="2"/>
      <line num="245" count="0" type="stmt"/>
      <line num="246" count="0" type="stmt"/>
      <line num="250" count="0" type="stmt"/>
      <line num="251" count="0" type="cond" truecount="0" falsecount="2"/>
      <line num="252" count="0" type="cond" truecount="0" falsecount="4"/>
      <line num="253" count="0" type="stmt"/>
      <line num="254" count="0" type="cond" truecount="0" falsecount="2"/>
      <line num="255" count="0" type="stmt"/>
      <line num="257" count="0" type="stmt"/>
      <line num="258" count="0" type="stmt"/>
      <line num="259" count="0" type="cond" truecount="0" falsecount="2"/>
      <line num="260" count="0" type="stmt"/>
      <line num="262" count="0" type="stmt"/>
      <line num="265" count="0" type="stmt"/>
      <line num="269" count="0" type="stmt"/>
      <line num="270" count="0" type="stmt"/>
      <line num="271" count="0" type="stmt"/>
      <line num="272" count="0" type="stmt"/>
      <line num="277" count="0" type="stmt"/>
      <line num="278" count="0" type="stmt"/>
      <line num="279" count="0" type="stmt"/>
      <line num="283" count="0" type="stmt"/>
      <line num="284" count="0" type="cond" truecount="0" falsecount="2"/>
      <line num="285" count="0" type="stmt"/>
      <line num="289" count="0" type="stmt"/>
      <line num="296" count="0" type="cond" truecount="0" falsecount="2"/>
      <line num="297" count="0" type="stmt"/>
      <line num="298" count="0" type="stmt"/>
      <line num="299" count="0" type="stmt"/>
      <line num="300" count="0" type="cond" truecount="0" falsecount="2"/>
      <line num="301" count="0" type="stmt"/>
      <line num="303" count="0" type="stmt"/>
      <line num="316" count="1" type="cond" truecount="1" falsecount="1"/>
      <line num="317" count="1" type="stmt"/>
      <line num="319" count="0" type="stmt"/>
      <line num="322" count="1" type="stmt"/>
      <line num="323" count="3" type="stmt"/>
      <line num="325" count="3" type="stmt"/>
      <line num="326" count="3" type="cond" truecount="1" falsecount="1"/>
      <line num="327" count="0" type="cond" truecount="0" falsecount="2"/>
      <line num="328" count="0" type="stmt"/>
      <line num="332" count="0" type="stmt"/>
      <line num="335" count="3" type="stmt"/>
      <line num="336" count="108" type="stmt"/>
      <line num="337" count="108" type="stmt"/>
      <line num="338" count="108" type="cond" truecount="1" falsecount="1"/>
      <line num="339" count="0" type="stmt"/>
      <line num="340" count="0" type="stmt"/>
      <line num="341" count="0" type="stmt"/>
      <line num="342" count="0" type="cond" truecount="0" falsecount="2"/>
      <line num="343" count="0" type="stmt"/>
      <line num="345" count="0" type="stmt"/>
      <line num="349" count="0" type="cond" truecount="0" falsecount="3"/>
      <line num="351" count="0" type="cond" truecount="0" falsecount="2"/>
      <line num="352" count="0" type="stmt"/>
      <line num="353" count="0" type="stmt"/>
      <line num="356" count="0" type="stmt"/>
      <line num="357" count="0" type="stmt"/>
      <line num="360" count="0" type="stmt"/>
      <line num="363" count="0" type="cond" truecount="0" falsecount="2"/>
      <line num="364" count="0" type="stmt"/>
      <line num="365" count="0" type="stmt"/>
      <line num="366" count="0" type="stmt"/>
      <line num="368" count="0" type="stmt"/>
      <line num="369" count="0" type="stmt"/>
      <line num="373" count="0" type="stmt"/>
      <line num="376" count="3" type="cond" truecount="3" falsecount="1"/>
      <line num="378" count="0" type="stmt"/>
      <line num="380" count="3" type="stmt"/>
      <line num="385" count="31" type="stmt"/>
      <line num="413" count="1" type="cond" truecount="1" falsecount="1"/>
      <line num="415" count="1" type="cond" truecount="1" falsecount="1"/>
      <line num="416" count="1" type="cond" truecount="1" falsecount="1"/>
      <line num="419" count="1" type="cond" truecount="3" falsecount="1"/>
      <line num="420" count="0" type="stmt"/>
      <line num="421" count="0" type="cond" truecount="0" falsecount="2"/>
      <line num="422" count="0" type="stmt"/>
      <line num="424" count="0" type="stmt"/>
      <line num="428" count="1" type="cond" truecount="3" falsecount="1"/>
      <line num="429" count="0" type="stmt"/>
      <line num="433" count="1" type="stmt"/>
      <line num="440" count="1" type="stmt"/>
      <line num="441" count="1" type="stmt"/>
      <line num="442" count="1" type="cond" truecount="1" falsecount="1"/>
      <line num="443" count="0" type="stmt"/>
      <line num="444" count="0" type="stmt"/>
      <line num="445" count="0" type="stmt"/>
      <line num="449" count="1" type="stmt"/>
      <line num="450" count="1" type="cond" truecount="1" falsecount="1"/>
      <line num="452" count="1" type="stmt"/>
      <line num="453" count="0" type="stmt"/>
      <line num="454" count="0" type="stmt"/>
      <line num="455" count="0" type="cond" truecount="0" falsecount="2"/>
      <line num="459" count="0" type="stmt"/>
      <line num="460" count="0" type="stmt"/>
      <line num="461" count="0" type="stmt"/>
      <line num="463" count="0" type="stmt"/>
      <line num="466" count="1" type="cond" truecount="1" falsecount="1"/>
      <line num="467" count="1" type="stmt"/>
      <line num="469" count="1" type="stmt"/>
      <line num="473" count="4" type="stmt"/>
      <line num="474" count="4" type="stmt"/>
      <line num="475" count="4" type="stmt"/>
      <line num="477" count="4" type="stmt"/>
      <line num="481" count="4" type="stmt"/>
      <line num="482" count="4" type="stmt"/>
      <line num="484" count="4" type="stmt"/>
      <line num="485" count="40" type="cond" truecount="1" falsecount="1"/>
      <line num="486" count="0" type="stmt"/>
      <line num="487" count="0" type="stmt"/>
      <line num="488" count="40" type="cond" truecount="1" falsecount="1"/>
      <line num="489" count="0" type="stmt"/>
      <line num="490" count="0" type="stmt"/>
      <line num="491" count="40" type="cond" truecount="2" falsecount="0"/>
      <line num="492" count="4" type="stmt"/>
      <line num="493" count="4" type="stmt"/>
      <line num="495" count="36" type="stmt"/>
      <line num="500" count="4" type="stmt"/>
      <line num="501" count="40" type="stmt"/>
      <line num="502" count="40" type="cond" truecount="2" falsecount="0"/>
      <line num="503" count="4" type="stmt"/>
      <line num="506" count="0" type="stmt"/>
      <line num="510" count="9" type="cond" truecount="2" falsecount="0"/>
      <line num="511" count="5" type="stmt"/>
      <line num="512" count="8" type="stmt"/>
      <line num="517" count="31" type="stmt"/>
      <line num="518" count="31" type="stmt"/>
      <line num="519" count="31" type="stmt"/>
      <line num="525" count="31" type="stmt"/>
      <line num="533" count="31" type="stmt"/>
      <line num="550" count="31" type="stmt"/>
      <line num="559" count="31" type="stmt"/>
      <line num="561" count="31" type="stmt"/>
      <line num="562" count="31" type="stmt"/>
      <line num="563" count="31" type="stmt"/>
      <line num="564" count="31" type="stmt"/>
      <line num="565" count="31" type="stmt"/>
      <line num="581" count="31" type="stmt"/>
      <line num="583" count="0" type="cond" truecount="0" falsecount="2"/>
      <line num="584" count="0" type="stmt"/>
      <line num="585" count="0" type="cond" truecount="0" falsecount="2"/>
      <line num="586" count="0" type="stmt"/>
      <line num="587" count="0" type="cond" truecount="0" falsecount="2"/>
      <line num="588" count="0" type="stmt"/>
      <line num="589" count="0" type="cond" truecount="0" falsecount="2"/>
      <line num="590" count="0" type="stmt"/>
      <line num="592" count="0" type="stmt"/>
      <line num="593" count="0" type="stmt"/>
      <line num="594" count="0" type="stmt"/>
      <line num="596" count="0" type="cond" truecount="0" falsecount="2"/>
      <line num="597" count="0" type="cond" truecount="0" falsecount="2"/>
      <line num="598" count="0" type="stmt"/>
      <line num="600" count="0" type="stmt"/>
      <line num="602" count="0" type="stmt"/>
      <line num="603" count="0" type="stmt"/>
      <line num="605" count="0" type="cond" truecount="0" falsecount="2"/>
      <line num="606" count="0" type="stmt"/>
      <line num="608" count="0" type="stmt"/>
      <line num="609" count="0" type="stmt"/>
      <line num="610" count="0" type="stmt"/>
      <line num="611" count="0" type="stmt"/>
      <line num="616" count="0" type="stmt"/>
      <line num="617" count="0" type="stmt"/>
      <line num="618" count="0" type="cond" truecount="0" falsecount="2"/>
      <line num="619" count="0" type="stmt"/>
      <line num="621" count="0" type="cond" truecount="0" falsecount="2"/>
      <line num="625" count="31" type="stmt"/>
      <line num="629" count="0" type="stmt"/>
      <line num="630" count="0" type="stmt"/>
      <line num="631" count="0" type="cond" truecount="0" falsecount="2"/>
      <line num="632" count="0" type="stmt"/>
      <line num="633" count="0" type="stmt"/>
      <line num="634" count="0" type="cond" truecount="0" falsecount="2"/>
      <line num="635" count="0" type="stmt"/>
      <line num="637" count="0" type="stmt"/>
      <line num="644" count="0" type="stmt"/>
      <line num="645" count="0" type="stmt"/>
      <line num="646" count="0" type="cond" truecount="0" falsecount="2"/>
      <line num="647" count="0" type="stmt"/>
      <line num="648" count="0" type="stmt"/>
      <line num="649" count="0" type="cond" truecount="0" falsecount="2"/>
      <line num="650" count="0" type="stmt"/>
      <line num="652" count="0" type="stmt"/>
      <line num="659" count="0" type="stmt"/>
      <line num="660" count="0" type="stmt"/>
      <line num="661" count="0" type="stmt"/>
      <line num="668" count="0" type="stmt"/>
      <line num="669" count="0" type="stmt"/>
      <line num="670" count="0" type="stmt"/>
      <line num="671" count="0" type="cond" truecount="0" falsecount="2"/>
      <line num="672" count="0" type="stmt"/>
      <line num="674" count="0" type="stmt"/>
      <line num="680" count="0" type="stmt"/>
      <line num="681" count="0" type="stmt"/>
      <line num="688" count="0" type="stmt"/>
      <line num="689" count="0" type="stmt"/>
      <line num="690" count="0" type="cond" truecount="0" falsecount="2"/>
      <line num="691" count="0" type="stmt"/>
      <line num="693" count="0" type="stmt"/>
      <line num="699" count="0" type="stmt"/>
      <line num="700" count="0" type="stmt"/>
      <line num="701" count="0" type="cond" truecount="0" falsecount="2"/>
      <line num="702" count="0" type="stmt"/>
      <line num="703" count="0" type="stmt"/>
      <line num="705" count="0" type="stmt"/>
      <line num="706" count="0" type="stmt"/>
      <line num="713" count="0" type="stmt"/>
      <line num="719" count="0" type="stmt"/>
      <line num="720" count="0" type="stmt"/>
      <line num="721" count="0" type="stmt"/>
      <line num="728" count="0" type="stmt"/>
      <line num="734" count="0" type="stmt"/>
      <line num="735" count="0" type="cond" truecount="0" falsecount="2"/>
      <line num="736" count="0" type="cond" truecount="0" falsecount="2"/>
      <line num="737" count="0" type="stmt"/>
      <line num="743" count="0" type="stmt"/>
      <line num="744" count="0" type="stmt"/>
      <line num="745" count="0" type="stmt"/>
      <line num="746" count="0" type="cond" truecount="0" falsecount="2"/>
      <line num="747" count="0" type="cond" truecount="0" falsecount="2"/>
      <line num="748" count="0" type="stmt"/>
      <line num="750" count="0" type="cond" truecount="0" falsecount="2"/>
      <line num="751" count="0" type="cond" truecount="0" falsecount="2"/>
      <line num="752" count="0" type="stmt"/>
      <line num="754" count="0" type="cond" truecount="0" falsecount="2"/>
      <line num="755" count="0" type="cond" truecount="0" falsecount="2"/>
      <line num="756" count="0" type="stmt"/>
      <line num="758" count="0" type="cond" truecount="0" falsecount="2"/>
      <line num="759" count="0" type="stmt"/>
      <line num="761" count="0" type="stmt"/>
      <line num="768" count="0" type="stmt"/>
      <line num="769" count="0" type="cond" truecount="0" falsecount="2"/>
      <line num="770" count="0" type="stmt"/>
      <line num="772" count="0" type="stmt"/>
      <line num="773" count="0" type="stmt"/>
      <line num="774" count="0" type="cond" truecount="0" falsecount="2"/>
      <line num="775" count="0" type="cond" truecount="0" falsecount="2"/>
      <line num="776" count="0" type="stmt"/>
      <line num="778" count="0" type="cond" truecount="0" falsecount="2"/>
      <line num="779" count="0" type="cond" truecount="0" falsecount="2"/>
      <line num="780" count="0" type="stmt"/>
      <line num="782" count="0" type="cond" truecount="0" falsecount="2"/>
      <line num="783" count="0" type="cond" truecount="0" falsecount="2"/>
      <line num="784" count="0" type="stmt"/>
      <line num="786" count="0" type="cond" truecount="0" falsecount="2"/>
      <line num="787" count="0" type="stmt"/>
      <line num="789" count="0" type="stmt"/>
      <line num="796" count="0" type="stmt"/>
      <line num="797" count="0" type="stmt"/>
      <line num="798" count="0" type="cond" truecount="0" falsecount="2"/>
      <line num="799" count="0" type="stmt"/>
      <line num="800" count="0" type="stmt"/>
      <line num="801" count="0" type="stmt"/>
      <line num="804" count="0" type="cond" truecount="0" falsecount="2"/>
      <line num="805" count="0" type="stmt"/>
      <line num="807" count="0" type="stmt"/>
      <line num="808" count="0" type="stmt"/>
      <line num="809" count="0" type="cond" truecount="0" falsecount="2"/>
      <line num="810" count="0" type="cond" truecount="0" falsecount="2"/>
      <line num="811" count="0" type="stmt"/>
      <line num="813" count="0" type="cond" truecount="0" falsecount="2"/>
      <line num="814" count="0" type="cond" truecount="0" falsecount="2"/>
      <line num="815" count="0" type="stmt"/>
      <line num="817" count="0" type="cond" truecount="0" falsecount="2"/>
      <line num="818" count="0" type="cond" truecount="0" falsecount="2"/>
      <line num="819" count="0" type="stmt"/>
      <line num="821" count="0" type="cond" truecount="0" falsecount="2"/>
      <line num="822" count="0" type="stmt"/>
      <line num="824" count="0" type="stmt"/>
      <line num="831" count="0" type="stmt"/>
      <line num="832" count="0" type="cond" truecount="0" falsecount="2"/>
      <line num="833" count="0" type="stmt"/>
      <line num="835" count="0" type="stmt"/>
      <line num="837" count="0" type="stmt"/>
      <line num="838" count="0" type="stmt"/>
      <line num="839" count="0" type="stmt"/>
      <line num="840" count="0" type="cond" truecount="0" falsecount="2"/>
      <line num="841" count="0" type="cond" truecount="0" falsecount="2"/>
      <line num="842" count="0" type="stmt"/>
      <line num="844" count="0" type="cond" truecount="0" falsecount="2"/>
      <line num="845" count="0" type="cond" truecount="0" falsecount="2"/>
      <line num="846" count="0" type="stmt"/>
      <line num="848" count="0" type="cond" truecount="0" falsecount="2"/>
      <line num="849" count="0" type="cond" truecount="0" falsecount="2"/>
      <line num="850" count="0" type="stmt"/>
      <line num="852" count="0" type="cond" truecount="0" falsecount="2"/>
      <line num="853" count="0" type="stmt"/>
      <line num="855" count="0" type="stmt"/>
      <line num="862" count="0" type="stmt"/>
      <line num="863" count="0" type="stmt"/>
      <line num="864" count="0" type="cond" truecount="0" falsecount="2"/>
      <line num="865" count="0" type="cond" truecount="0" falsecount="2"/>
      <line num="866" count="0" type="cond" truecount="0" falsecount="2"/>
      <line num="867" count="0" type="stmt"/>
      <line num="871" count="0" type="stmt"/>
      <line num="873" count="0" type="stmt"/>
      <line num="874" count="0" type="stmt"/>
      <line num="875" count="0" type="cond" truecount="0" falsecount="2"/>
      <line num="876" count="0" type="stmt"/>
      <line num="878" count="0" type="stmt"/>
      <line num="880" count="0" type="stmt"/>
      <line num="881" count="0" type="stmt"/>
      <line num="884" count="0" type="stmt"/>
      <line num="885" count="0" type="stmt"/>
      <line num="887" count="0" type="stmt"/>
      <line num="888" count="0" type="stmt"/>
      <line num="890" count="0" type="stmt"/>
      <line num="891" count="0" type="stmt"/>
      <line num="892" count="0" type="cond" truecount="0" falsecount="2"/>
      <line num="893" count="0" type="stmt"/>
      <line num="894" count="0" type="stmt"/>
      <line num="895" count="0" type="cond" truecount="0" falsecount="2"/>
      <line num="897" count="0" type="stmt"/>
      <line num="903" count="0" type="stmt"/>
      <line num="904" count="0" type="stmt"/>
      <line num="905" count="0" type="stmt"/>
      <line num="906" count="0" type="stmt"/>
      <line num="907" count="0" type="cond" truecount="0" falsecount="4"/>
      <line num="908" count="0" type="stmt"/>
      <line num="910" count="0" type="stmt"/>
      <line num="917" count="0" type="stmt"/>
      <line num="918" count="0" type="stmt"/>
      <line num="919" count="0" type="cond" truecount="0" falsecount="2"/>
      <line num="920" count="0" type="stmt"/>
      <line num="922" count="0" type="cond" truecount="0" falsecount="2"/>
      <line num="923" count="0" type="stmt"/>
      <line num="925" count="0" type="stmt"/>
      <line num="926" count="0" type="stmt"/>
      <line num="927" count="0" type="stmt"/>
      <line num="928" count="0" type="stmt"/>
      <line num="929" count="0" type="cond" truecount="0" falsecount="2"/>
      <line num="931" count="0" type="stmt"/>
      <line num="938" count="0" type="stmt"/>
      <line num="939" count="0" type="stmt"/>
      <line num="941" count="0" type="stmt"/>
      <line num="943" count="0" type="stmt"/>
      <line num="944" count="0" type="cond" truecount="0" falsecount="2"/>
      <line num="945" count="0" type="stmt"/>
      <line num="948" count="0" type="cond" truecount="0" falsecount="2"/>
      <line num="949" count="0" type="stmt"/>
      <line num="952" count="0" type="stmt"/>
      <line num="956" count="0" type="stmt"/>
      <line num="963" count="0" type="stmt"/>
      <line num="964" count="0" type="cond" truecount="0" falsecount="2"/>
      <line num="965" count="0" type="cond" truecount="0" falsecount="2"/>
      <line num="967" count="0" type="stmt"/>
      <line num="968" count="0" type="cond" truecount="0" falsecount="2"/>
      <line num="970" count="0" type="stmt"/>
      <line num="976" count="0" type="stmt"/>
      <line num="977" count="0" type="stmt"/>
      <line num="980" count="0" type="stmt"/>
      <line num="987" count="0" type="stmt"/>
      <line num="988" count="0" type="stmt"/>
      <line num="990" count="0" type="stmt"/>
      <line num="992" count="0" type="stmt"/>
      <line num="995" count="0" type="stmt"/>
      <line num="1002" count="0" type="stmt"/>
      <line num="1003" count="0" type="stmt"/>
      <line num="1004" count="0" type="cond" truecount="0" falsecount="2"/>
      <line num="1005" count="0" type="stmt"/>
      <line num="1007" count="0" type="stmt"/>
      <line num="1010" count="0" type="stmt"/>
      <line num="1017" count="0" type="stmt"/>
      <line num="1023" count="0" type="stmt"/>
      <line num="1029" count="0" type="stmt"/>
      <line num="1030" count="0" type="stmt"/>
      <line num="1031" count="0" type="cond" truecount="0" falsecount="2"/>
      <line num="1032" count="0" type="stmt"/>
      <line num="1035" count="0" type="stmt"/>
      <line num="1041" count="0" type="stmt"/>
      <line num="1042" count="0" type="stmt"/>
      <line num="1044" count="0" type="stmt"/>
      <line num="1045" count="0" type="stmt"/>
      <line num="1047" count="0" type="cond" truecount="0" falsecount="2"/>
      <line num="1048" count="0" type="cond" truecount="0" falsecount="2"/>
      <line num="1049" count="0" type="stmt"/>
      <line num="1051" count="0" type="stmt"/>
      <line num="1055" count="0" type="stmt"/>
      <line num="1061" count="0" type="stmt"/>
      <line num="1067" count="0" type="stmt"/>
      <line num="1068" count="0" type="stmt"/>
      <line num="1069" count="0" type="cond" truecount="0" falsecount="3"/>
      <line num="1073" count="0" type="stmt"/>
      <line num="1075" count="0" type="stmt"/>
      <line num="1081" count="0" type="stmt"/>
      <line num="1087" count="0" type="stmt"/>
      <line num="1093" count="0" type="cond" truecount="0" falsecount="2"/>
      <line num="1094" count="0" type="stmt"/>
      <line num="1095" count="0" type="stmt"/>
      <line num="1096" count="0" type="cond" truecount="0" falsecount="2"/>
      <line num="1097" count="0" type="stmt"/>
      <line num="1099" count="0" type="cond" truecount="0" falsecount="2"/>
      <line num="1100" count="0" type="stmt"/>
      <line num="1102" count="0" type="stmt"/>
      <line num="1104" count="0" type="stmt"/>
      <line num="1105" count="0" type="cond" truecount="0" falsecount="2"/>
      <line num="1106" count="0" type="stmt"/>
      <line num="1107" count="0" type="cond" truecount="0" falsecount="2"/>
      <line num="1108" count="0" type="stmt"/>
      <line num="1110" count="0" type="stmt"/>
      <line num="1114" count="0" type="stmt"/>
      <line num="1120" count="0" type="stmt"/>
      <line num="1126" count="0" type="stmt"/>
      <line num="1132" count="0" type="stmt"/>
      <line num="1139" count="0" type="stmt"/>
      <line num="1145" count="0" type="cond" truecount="0" falsecount="2"/>
      <line num="1146" count="0" type="stmt"/>
      <line num="1149" count="0" type="stmt"/>
      <line num="1157" count="31" type="stmt"/>
      <line num="1158" count="31" type="stmt"/>
      <line num="1159" count="589" type="stmt"/>
      <line num="1160" count="589" type="stmt"/>
      <line num="1166" count="589" type="stmt"/>
      <line num="1168" count="589" type="stmt"/>
      <line num="1169" count="589" type="stmt"/>
      <line num="1170" count="49476" type="stmt"/>
      <line num="1171" count="49476" type="cond" truecount="2" falsecount="0"/>
      <line num="1173" count="10261" type="cond" truecount="2" falsecount="0"/>
      <line num="1174" count="682" type="stmt"/>
      <line num="1175" count="682" type="stmt"/>
      <line num="1176" count="1364" type="stmt"/>
      <line num="1183" count="31" type="stmt"/>
    </file>
    <file name="node.js" path="C:\Users\Mac\github\browserslist\node.js">
      <metrics statements="194" coveredstatements="48" conditionals="142" coveredconditionals="25" methods="29" coveredmethods="7"/>
      <line num="1" count="30" type="stmt"/>
      <line num="2" count="30" type="stmt"/>
      <line num="3" count="30" type="stmt"/>
      <line num="4" count="30" type="stmt"/>
      <line num="6" count="30" type="stmt"/>
      <line num="8" count="30" type="stmt"/>
      <line num="9" count="30" type="stmt"/>
      <line num="10" count="30" type="stmt"/>
      <line num="11" count="30" type="stmt"/>
      <line num="12" count="30" type="stmt"/>
      <line num="15" count="30" type="stmt"/>
      <line num="16" count="30" type="stmt"/>
      <line num="17" count="30" type="stmt"/>
      <line num="19" count="0" type="stmt"/>
      <line num="20" count="0" type="cond" truecount="0" falsecount="4"/>
      <line num="21" count="0" type="stmt"/>
      <line num="24" count="0" type="cond" truecount="0" falsecount="2"/>
      <line num="25" count="0" type="stmt"/>
      <line num="28" count="0" type="cond" truecount="0" falsecount="2"/>
      <line num="29" count="0" type="stmt"/>
      <line num="35" count="6" type="cond" truecount="1" falsecount="1"/>
      <line num="36" count="0" type="stmt"/>
      <line num="38" count="6" type="cond" truecount="2" falsecount="0"/>
      <line num="39" count="6" type="cond" truecount="1" falsecount="1"/>
      <line num="40" count="6" type="stmt"/>
      <line num="42" count="6" type="stmt"/>
      <line num="46" count="1" type="cond" truecount="1" falsecount="1"/>
      <line num="47" count="1" type="stmt"/>
      <line num="48" count="1" type="stmt"/>
      <line num="49" count="5" type="stmt"/>
      <line num="50" count="5" type="cond" truecount="1" falsecount="1"/>
      <line num="52" count="1" type="stmt"/>
      <line num="56" count="0" type="cond" truecount="0" falsecount="2"/>
      <line num="57" count="0" type="stmt"/>
      <line num="58" count="0" type="cond" truecount="0" falsecount="2"/>
      <line num="59" count="0" type="stmt"/>
      <line num="62" count="0" type="cond" truecount="0" falsecount="2"/>
      <line num="63" count="0" type="stmt"/>
      <line num="68" count="0" type="cond" truecount="0" falsecount="2"/>
      <line num="71" count="0" type="cond" truecount="0" falsecount="2"/>
      <line num="72" count="0" type="stmt"/>
      <line num="73" count="0" type="cond" truecount="0" falsecount="2"/>
      <line num="74" count="0" type="stmt"/>
      <line num="75" count="0" type="cond" truecount="0" falsecount="2"/>
      <line num="76" count="0" type="stmt"/>
      <line num="78" count="0" type="stmt"/>
      <line num="81" count="0" type="cond" truecount="0" falsecount="2"/>
      <line num="85" count="0" type="stmt"/>
      <line num="86" count="0" type="cond" truecount="0" falsecount="4"/>
      <line num="87" count="0" type="stmt"/>
      <line num="91" count="0" type="stmt"/>
      <line num="92" count="0" type="cond" truecount="0" falsecount="4"/>
      <line num="93" count="0" type="stmt"/>
      <line num="95" count="0" type="stmt"/>
      <line num="96" count="0" type="stmt"/>
      <line num="99" count="0" type="stmt"/>
      <line num="103" count="1" type="stmt"/>
      <line num="104" count="1" type="stmt"/>
      <line num="105" count="19" type="cond" truecount="1" falsecount="1"/>
      <line num="106" count="19" type="stmt"/>
      <line num="107" count="331" type="cond" truecount="2" falsecount="0"/>
      <line num="108" count="20" type="stmt"/>
      <line num="112" count="1" type="stmt"/>
      <line num="116" count="1" type="cond" truecount="2" falsecount="2"/>
      <line num="117" count="0" type="stmt"/>
      <line num="120" count="1" type="cond" truecount="1" falsecount="1"/>
      <line num="122" count="0" type="stmt"/>
      <line num="123" count="0" type="stmt"/>
      <line num="124" count="0" type="stmt"/>
      <line num="125" count="0" type="cond" truecount="0" falsecount="2"/>
      <line num="130" count="0" type="stmt"/>
      <line num="131" count="0" type="stmt"/>
      <line num="132" count="0" type="stmt"/>
      <line num="134" count="0" type="stmt"/>
      <line num="138" count="0" type="stmt"/>
      <line num="142" count="0" type="stmt"/>
      <line num="143" count="0" type="stmt"/>
      <line num="147" count="0" type="cond" truecount="0" falsecount="2"/>
      <line num="148" count="0" type="stmt"/>
      <line num="149" count="0" type="stmt"/>
      <line num="150" count="0" type="stmt"/>
      <line num="155" count="30" type="stmt"/>
      <line num="157" count="0" type="cond" truecount="0" falsecount="4"/>
      <line num="158" count="0" type="stmt"/>
      <line num="161" count="0" type="stmt"/>
      <line num="162" count="0" type="cond" truecount="0" falsecount="2"/>
      <line num="163" count="0" type="cond" truecount="0" falsecount="2"/>
      <line num="164" count="0" type="stmt"/>
      <line num="165" count="0" type="cond" truecount="0" falsecount="2"/>
      <line num="166" count="0" type="cond" truecount="0" falsecount="2"/>
      <line num="167" count="0" type="stmt"/>
      <line num="170" count="0" type="stmt"/>
      <line num="177" count="0" type="cond" truecount="0" falsecount="4"/>
      <line num="178" count="0" type="stmt"/>
      <line num="181" count="0" type="stmt"/>
      <line num="187" count="0" type="stmt"/>
      <line num="192" count="1" type="cond" truecount="1" falsecount="1"/>
      <line num="193" count="0" type="stmt"/>
      <line num="194" count="1" type="cond" truecount="1" falsecount="1"/>
      <line num="195" count="0" type="stmt"/>
      <line num="196" count="1" type="cond" truecount="4" falsecount="1"/>
      <line num="197" count="1" type="stmt"/>
      <line num="198" count="5" type="stmt"/>
      <line num="199" count="5" type="cond" truecount="1" falsecount="1"/>
      <line num="202" count="1" type="cond" truecount="1" falsecount="1"/>
      <line num="203" count="0" type="stmt"/>
      <line num="204" count="0" type="stmt"/>
      <line num="206" count="0" type="stmt"/>
      <line num="209" count="1" type="stmt"/>
      <line num="213" count="0" type="cond" truecount="0" falsecount="2"/>
      <line num="214" count="0" type="stmt"/>
      <line num="215" count="0" type="cond" truecount="0" falsecount="4"/>
      <line num="216" count="0" type="cond" truecount="0" falsecount="2"/>
      <line num="217" count="0" type="cond" truecount="0" falsecount="2"/>
      <line num="218" count="0" type="stmt"/>
      <line num="220" count="0" type="stmt"/>
      <line num="222" count="0" type="cond" truecount="0" falsecount="2"/>
      <line num="223" count="0" type="stmt"/>
      <line num="225" count="0" type="stmt"/>
      <line num="230" count="0" type="stmt"/>
      <line num="231" count="0" type="cond" truecount="0" falsecount="2"/>
      <line num="233" count="0" type="stmt"/>
      <line num="234" count="0" type="stmt"/>
      <line num="235" count="0" type="stmt"/>
      <line num="236" count="0" type="stmt"/>
      <line num="237" count="0" type="stmt"/>
      <line num="238" count="0" type="stmt"/>
      <line num="239" count="0" type="stmt"/>
      <line num="246" count="0" type="stmt"/>
      <line num="247" count="0" type="cond" truecount="0" falsecount="2"/>
      <line num="250" count="0" type="stmt"/>
      <line num="251" count="0" type="stmt"/>
      <line num="252" count="0" type="stmt"/>
      <line num="253" count="0" type="stmt"/>
      <line num="254" count="0" type="stmt"/>
      <line num="255" count="0" type="stmt"/>
      <line num="261" count="0" type="stmt"/>
      <line num="262" count="0" type="stmt"/>
      <line num="264" count="0" type="stmt"/>
      <line num="268" count="0" type="stmt"/>
      <line num="271" count="0" type="stmt"/>
      <line num="274" count="0" type="cond" truecount="0" falsecount="2"/>
      <line num="275" count="0" type="stmt"/>
      <line num="276" count="0" type="stmt"/>
      <line num="277" count="0" type="cond" truecount="0" falsecount="2"/>
      <line num="278" count="0" type="stmt"/>
      <line num="282" count="0" type="stmt"/>
      <line num="285" count="0" type="stmt"/>
      <line num="286" count="0" type="stmt"/>
      <line num="291" count="0" type="stmt"/>
      <line num="295" count="0" type="cond" truecount="0" falsecount="2"/>
      <line num="296" count="0" type="stmt"/>
      <line num="298" count="0" type="stmt"/>
      <line num="302" count="0" type="stmt"/>
      <line num="304" count="0" type="stmt"/>
      <line num="305" count="0" type="stmt"/>
      <line num="306" count="0" type="cond" truecount="0" falsecount="2"/>
      <line num="307" count="0" type="stmt"/>
      <line num="310" count="0" type="stmt"/>
      <line num="312" count="0" type="stmt"/>
      <line num="313" count="0" type="stmt"/>
      <line num="314" count="0" type="stmt"/>
      <line num="317" count="0" type="cond" truecount="0" falsecount="2"/>
      <line num="318" count="0" type="stmt"/>
      <line num="319" count="0" type="stmt"/>
      <line num="321" count="0" type="cond" truecount="0" falsecount="2"/>
      <line num="322" count="0" type="stmt"/>
      <line num="328" count="0" type="cond" truecount="0" falsecount="4"/>
      <line num="329" count="0" type="stmt"/>
      <line num="332" count="0" type="cond" truecount="0" falsecount="4"/>
      <line num="333" count="0" type="stmt"/>
      <line num="336" count="0" type="cond" truecount="0" falsecount="4"/>
      <line num="337" count="0" type="stmt"/>
      <line num="340" count="0" type="cond" truecount="0" falsecount="2"/>
      <line num="341" count="0" type="stmt"/>
      <line num="342" count="0" type="cond" truecount="0" falsecount="2"/>
      <line num="343" count="0" type="stmt"/>
      <line num="345" count="0" type="stmt"/>
      <line num="348" count="0" type="cond" truecount="0" falsecount="2"/>
      <line num="349" count="0" type="stmt"/>
      <line num="350" count="0" type="stmt"/>
      <line num="353" count="0" type="stmt"/>
      <line num="357" count="0" type="stmt"/>
      <line num="358" count="0" type="stmt"/>
      <line num="359" count="0" type="stmt"/>
      <line num="361" count="0" type="stmt"/>
      <line num="365" count="1" type="cond" truecount="1" falsecount="1"/>
      <line num="366" count="1" type="stmt"/>
      <line num="367" count="1" type="cond" truecount="1" falsecount="1"/>
      <line num="369" count="1" type="stmt"/>
      <line num="370" count="1" type="stmt"/>
      <line num="372" count="1" type="cond" truecount="3" falsecount="1"/>
      <line num="373" count="0" type="stmt"/>
      <line num="384" count="0" type="stmt"/>
    </file>
    <file name="update-db.js" path="C:\Users\Mac\github\browserslist\update-db.js">
      <metrics statements="51" coveredstatements="6" conditionals="26" coveredconditionals="0" methods="7" coveredmethods="0"/>
      <line num="1" count="1" type="stmt"/>
      <line num="2" count="1" type="stmt"/>
      <line num="3" count="1" type="stmt"/>
      <line num="4" count="1" type="stmt"/>
      <line num="6" count="1" type="stmt"/>
      <line num="9" count="0" type="stmt"/>
      <line num="10" count="0" type="cond" truecount="0" falsecount="2"/>
      <line num="13" count="0" type="cond" truecount="0" falsecount="2"/>
      <line num="14" count="0" type="stmt"/>
      <line num="20" count="0" type="stmt"/>
      <line num="21" count="0" type="stmt"/>
      <line num="22" count="0" type="stmt"/>
      <line num="41" count="0" type="cond" truecount="0" falsecount="1"/>
      <line num="44" count="0" type="cond" truecount="0" falsecount="2"/>
      <line num="45" count="0" type="stmt"/>
      <line num="46" count="0" type="cond" truecount="0" falsecount="4"/>
      <line num="47" count="0" type="stmt"/>
      <line num="49" count="0" type="cond" truecount="0" falsecount="2"/>
      <line num="50" count="0" type="stmt"/>
      <line num="51" count="0" type="cond" truecount="0" falsecount="2"/>
      <line num="53" count="0" type="stmt"/>
      <line num="57" count="0" type="stmt"/>
      <line num="63" count="0" type="cond" truecount="0" falsecount="2"/>
      <line num="64" count="0" type="stmt"/>
      <line num="65" count="0" type="stmt"/>
      <line num="67" count="0" type="stmt"/>
      <line num="70" count="0" type="cond" truecount="0" falsecount="1"/>
      <line num="87" count="0" type="cond" truecount="0" falsecount="2"/>
      <line num="88" count="0" type="stmt"/>
      <line num="89" count="0" type="cond" truecount="0" falsecount="2"/>
      <line num="90" count="0" type="stmt"/>
      <line num="93" count="0" type="stmt"/>
      <line num="96" count="0" type="stmt"/>
      <line num="99" count="0" type="stmt"/>
      <line num="103" count="0" type="stmt"/>
      <line num="108" count="0" type="cond" truecount="0" falsecount="2"/>
      <line num="109" count="0" type="stmt"/>
      <line num="110" count="0" type="stmt"/>
      <line num="111" count="0" type="stmt"/>
      <line num="114" count="0" type="stmt"/>
      <line num="117" count="1" type="stmt"/>
      <line num="118" count="0" type="stmt"/>
      <line num="119" count="0" type="stmt"/>
      <line num="121" count="0" type="stmt"/>
      <line num="122" count="0" type="stmt"/>
      <line num="124" count="0" type="cond" truecount="0" falsecount="2"/>
      <line num="125" count="0" type="stmt"/>
      <line num="127" count="0" type="stmt"/>
      <line num="132" count="0" type="stmt"/>
      <line num="133" count="0" type="stmt"/>
      <line num="135" count="0" type="stmt"/>
    </file>
  </project>
</coverage>
