{"C:\\Users\\Mac\\github\\browserslist\\browser.js": {"path":"C:\\Users\\Mac\\github\\browserslist\\browser.js","statementMap":{"0":{"start":{"line":1,"column":24},"end":{"line":1,"column":42}},"1":{"start":{"line":5,"column":0},"end":{"line":46,"column":1}},"2":{"start":{"line":7,"column":4},"end":{"line":8,"column":80}},"3":{"start":{"line":12,"column":4},"end":{"line":12,"column":21}},"4":{"start":{"line":16,"column":4},"end":{"line":19,"column":5}},"5":{"start":{"line":17,"column":6},"end":{"line":18,"column":69}},"6":{"start":{"line":23,"column":4},"end":{"line":25,"column":45}},"7":{"start":{"line":29,"column":4},"end":{"line":30,"column":80}},"8":{"start":{"line":34,"column":4},"end":{"line":34,"column":60}}},"fnMap":{"0":{"name":"noop","decl":{"start":{"line":3,"column":9},"end":{"line":3,"column":13}},"loc":{"start":{"line":3,"column":17},"end":{"line":3,"column":20}},"line":3},"1":{"name":"loadQueries","decl":{"start":{"line":6,"column":24},"end":{"line":6,"column":35}},"loc":{"start":{"line":6,"column":39},"end":{"line":9,"column":3}},"line":6},"2":{"name":"getStat","decl":{"start":{"line":11,"column":20},"end":{"line":11,"column":27}},"loc":{"start":{"line":11,"column":35},"end":{"line":13,"column":3}},"line":11},"3":{"name":"loadConfig","decl":{"start":{"line":15,"column":23},"end":{"line":15,"column":33}},"loc":{"start":{"line":15,"column":41},"end":{"line":20,"column":3}},"line":15},"4":{"name":"loadCountry","decl":{"start":{"line":22,"column":24},"end":{"line":22,"column":35}},"loc":{"start":{"line":22,"column":39},"end":{"line":26,"column":3}},"line":22},"5":{"name":"loadFeature","decl":{"start":{"line":28,"column":24},"end":{"line":28,"column":35}},"loc":{"start":{"line":28,"column":39},"end":{"line":31,"column":3}},"line":28},"6":{"name":"currentNode","decl":{"start":{"line":33,"column":24},"end":{"line":33,"column":35}},"loc":{"start":{"line":33,"column":55},"end":{"line":35,"column":3}},"line":33}},"branchMap":{"0":{"loc":{"start":{"line":16,"column":4},"end":{"line":19,"column":5}},"type":"if","locations":[{"start":{"line":16,"column":4},"end":{"line":19,"column":5}},{"start":{"line":16,"column":4},"end":{"line":19,"column":5}}],"line":16}},"s":{"0":1,"1":1,"2":0,"3":0,"4":0,"5":0,"6":0,"7":0,"8":0},"f":{"0":0,"1":0,"2":0,"3":0,"4":0,"5":0,"6":0},"b":{"0":[0,0]},"_coverageSchema":"1a1c01bbd47fc00a2c39e90264f33305004495a9","hash":"e1175cc13bfe255683d67134f54d0130d72331ca"}
,"C:\\Users\\Mac\\github\\browserslist\\error.js": {"path":"C:\\Users\\Mac\\github\\browserslist\\error.js","statementMap":{"0":{"start":{"line":2,"column":2},"end":{"line":2,"column":33}},"1":{"start":{"line":3,"column":2},"end":{"line":3,"column":24}},"2":{"start":{"line":4,"column":2},"end":{"line":4,"column":26}},"3":{"start":{"line":5,"column":2},"end":{"line":7,"column":3}},"4":{"start":{"line":6,"column":4},"end":{"line":6,"column":52}},"5":{"start":{"line":10,"column":0},"end":{"line":10,"column":45}},"6":{"start":{"line":12,"column":0},"end":{"line":12,"column":34}}},"fnMap":{"0":{"name":"BrowserslistError","decl":{"start":{"line":1,"column":9},"end":{"line":1,"column":26}},"loc":{"start":{"line":1,"column":37},"end":{"line":8,"column":1}},"line":1}},"branchMap":{"0":{"loc":{"start":{"line":5,"column":2},"end":{"line":7,"column":3}},"type":"if","locations":[{"start":{"line":5,"column":2},"end":{"line":7,"column":3}},{"start":{"line":5,"column":2},"end":{"line":7,"column":3}}],"line":5}},"s":{"0":0,"1":0,"2":0,"3":0,"4":0,"5":33,"6":33},"f":{"0":0},"b":{"0":[0,0]},"_coverageSchema":"1a1c01bbd47fc00a2c39e90264f33305004495a9","hash":"2bea51308a38598dbdc9c28f5e37fd1f64025d36"}
,"C:\\Users\\Mac\\github\\browserslist\\index.js": {"path":"C:\\Users\\Mac\\github\\browserslist\\index.js","statementMap":{"0":{"start":{"line":1,"column":17},"end":{"line":1,"column":66}},"1":{"start":{"line":2,"column":13},"end":{"line":2,"column":64}},"2":{"start":{"line":3,"column":12},"end":{"line":3,"column":80}},"3":{"start":{"line":4,"column":11},"end":{"line":4,"column":26}},"4":{"start":{"line":5,"column":10},"end":{"line":5,"column":50}},"5":{"start":{"line":7,"column":24},"end":{"line":7,"column":42}},"6":{"start":{"line":8,"column":10},"end":{"line":8,"column":27}},"7":{"start":{"line":10,"column":11},"end":{"line":10,"column":43}},"8":{"start":{"line":11,"column":30},"end":{"line":11,"column":32}},"9":{"start":{"line":13,"column":15},"end":{"line":13,"column":16}},"10":{"start":{"line":14,"column":16},"end":{"line":14,"column":17}},"11":{"start":{"line":17,"column":2},"end":{"line":17,"column":55}},"12":{"start":{"line":21,"column":16},"end":{"line":21,"column":29}},"13":{"start":{"line":22,"column":2},"end":{"line":24,"column":4}},"14":{"start":{"line":23,"column":4},"end":{"line":23,"column":46}},"15":{"start":{"line":28,"column":2},"end":{"line":30,"column":4}},"16":{"start":{"line":29,"column":4},"end":{"line":29,"column":38}},"17":{"start":{"line":34,"column":21},"end":{"line":34,"column":28}},"18":{"start":{"line":35,"column":2},"end":{"line":40,"column":3}},"19":{"start":{"line":36,"column":4},"end":{"line":39,"column":16}},"20":{"start":{"line":41,"column":2},"end":{"line":41,"column":21}},"21":{"start":{"line":45,"column":2},"end":{"line":47,"column":3}},"22":{"start":{"line":46,"column":4},"end":{"line":46,"column":31}},"23":{"start":{"line":51,"column":2},"end":{"line":51,"column":40}},"24":{"start":{"line":55,"column":2},"end":{"line":55,"column":38}},"25":{"start":{"line":55,"column":29},"end":{"line":55,"column":38}},"26":{"start":{"line":56,"column":22},"end":{"line":56,"column":50}},"27":{"start":{"line":57,"column":16},"end":{"line":57,"column":60}},"28":{"start":{"line":58,"column":2},"end":{"line":60,"column":3}},"29":{"start":{"line":59,"column":4},"end":{"line":59,"column":19}},"30":{"start":{"line":61,"column":17},"end":{"line":61,"column":19}},"31":{"start":{"line":62,"column":2},"end":{"line":65,"column":3}},"32":{"start":{"line":62,"column":15},"end":{"line":62,"column":34}},"33":{"start":{"line":63,"column":4},"end":{"line":63,"column":46}},"34":{"start":{"line":63,"column":41},"end":{"line":63,"column":46}},"35":{"start":{"line":64,"column":4},"end":{"line":64,"column":33}},"36":{"start":{"line":66,"column":2},"end":{"line":66,"column":17}},"37":{"start":{"line":70,"column":17},"end":{"line":70,"column":19}},"38":{"start":{"line":71,"column":2},"end":{"line":77,"column":3}},"39":{"start":{"line":72,"column":4},"end":{"line":76,"column":6}},"40":{"start":{"line":73,"column":6},"end":{"line":75,"column":7}},"41":{"start":{"line":74,"column":8},"end":{"line":74,"column":27}},"42":{"start":{"line":78,"column":2},"end":{"line":78,"column":17}},"43":{"start":{"line":84,"column":2},"end":{"line":86,"column":3}},"44":{"start":{"line":85,"column":4},"end":{"line":85,"column":36}},"45":{"start":{"line":90,"column":2},"end":{"line":90,"column":31}},"46":{"start":{"line":91,"column":2},"end":{"line":107,"column":3}},"47":{"start":{"line":92,"column":4},"end":{"line":94,"column":5}},"48":{"start":{"line":93,"column":6},"end":{"line":93,"column":36}},"49":{"start":{"line":95,"column":9},"end":{"line":107,"column":3}},"50":{"start":{"line":96,"column":4},"end":{"line":98,"column":5}},"51":{"start":{"line":97,"column":6},"end":{"line":97,"column":37}},"52":{"start":{"line":99,"column":9},"end":{"line":107,"column":3}},"53":{"start":{"line":100,"column":4},"end":{"line":102,"column":5}},"54":{"start":{"line":101,"column":6},"end":{"line":101,"column":36}},"55":{"start":{"line":104,"column":4},"end":{"line":106,"column":5}},"56":{"start":{"line":105,"column":6},"end":{"line":105,"column":37}},"57":{"start":{"line":111,"column":2},"end":{"line":111,"column":50}},"58":{"start":{"line":112,"column":2},"end":{"line":112,"column":30}},"59":{"start":{"line":113,"column":2},"end":{"line":113,"column":30}},"60":{"start":{"line":114,"column":2},"end":{"line":134,"column":3}},"61":{"start":{"line":115,"column":4},"end":{"line":118,"column":5}},"62":{"start":{"line":116,"column":6},"end":{"line":116,"column":42}},"63":{"start":{"line":117,"column":6},"end":{"line":117,"column":42}},"64":{"start":{"line":119,"column":9},"end":{"line":134,"column":3}},"65":{"start":{"line":120,"column":4},"end":{"line":123,"column":5}},"66":{"start":{"line":121,"column":6},"end":{"line":121,"column":42}},"67":{"start":{"line":122,"column":6},"end":{"line":122,"column":43}},"68":{"start":{"line":124,"column":9},"end":{"line":134,"column":3}},"69":{"start":{"line":125,"column":4},"end":{"line":128,"column":5}},"70":{"start":{"line":126,"column":6},"end":{"line":126,"column":42}},"71":{"start":{"line":127,"column":6},"end":{"line":127,"column":42}},"72":{"start":{"line":130,"column":4},"end":{"line":133,"column":5}},"73":{"start":{"line":131,"column":6},"end":{"line":131,"column":42}},"74":{"start":{"line":132,"column":6},"end":{"line":132,"column":43}},"75":{"start":{"line":138,"column":2},"end":{"line":138,"column":20}},"76":{"start":{"line":142,"column":2},"end":{"line":142,"column":22}},"77":{"start":{"line":142,"column":13},"end":{"line":142,"column":22}},"78":{"start":{"line":143,"column":2},"end":{"line":143,"column":22}},"79":{"start":{"line":143,"column":13},"end":{"line":143,"column":22}},"80":{"start":{"line":144,"column":2},"end":{"line":144,"column":10}},"81":{"start":{"line":148,"column":2},"end":{"line":152,"column":3}},"82":{"start":{"line":157,"column":2},"end":{"line":157,"column":46}},"83":{"start":{"line":158,"column":2},"end":{"line":160,"column":3}},"84":{"start":{"line":159,"column":4},"end":{"line":159,"column":18}},"85":{"start":{"line":163,"column":2},"end":{"line":175,"column":3}},"86":{"start":{"line":165,"column":6},"end":{"line":168,"column":7}},"87":{"start":{"line":166,"column":8},"end":{"line":166,"column":56}},"88":{"start":{"line":167,"column":8},"end":{"line":167,"column":54}},"89":{"start":{"line":171,"column":6},"end":{"line":174,"column":7}},"90":{"start":{"line":172,"column":8},"end":{"line":172,"column":56}},"91":{"start":{"line":173,"column":8},"end":{"line":173,"column":54}},"92":{"start":{"line":180,"column":2},"end":{"line":182,"column":3}},"93":{"start":{"line":181,"column":4},"end":{"line":181,"column":42}},"94":{"start":{"line":183,"column":2},"end":{"line":185,"column":3}},"95":{"start":{"line":184,"column":4},"end":{"line":184,"column":12}},"96":{"start":{"line":186,"column":2},"end":{"line":188,"column":3}},"97":{"start":{"line":187,"column":4},"end":{"line":187,"column":42}},"98":{"start":{"line":189,"column":2},"end":{"line":189,"column":10}},"99":{"start":{"line":193,"column":2},"end":{"line":199,"column":3}},"100":{"start":{"line":194,"column":4},"end":{"line":194,"column":18}},"101":{"start":{"line":195,"column":9},"end":{"line":199,"column":3}},"102":{"start":{"line":196,"column":4},"end":{"line":196,"column":58}},"103":{"start":{"line":198,"column":4},"end":{"line":198,"column":16}},"104":{"start":{"line":203,"column":17},"end":{"line":203,"column":46}},"105":{"start":{"line":204,"column":2},"end":{"line":210,"column":3}},"106":{"start":{"line":205,"column":4},"end":{"line":205,"column":19}},"107":{"start":{"line":206,"column":9},"end":{"line":210,"column":3}},"108":{"start":{"line":207,"column":4},"end":{"line":207,"column":27}},"109":{"start":{"line":209,"column":4},"end":{"line":209,"column":16}},"110":{"start":{"line":214,"column":2},"end":{"line":214,"column":22}},"111":{"start":{"line":215,"column":2},"end":{"line":222,"column":8}},"112":{"start":{"line":216,"column":15},"end":{"line":216,"column":36}},"113":{"start":{"line":217,"column":4},"end":{"line":217,"column":30}},"114":{"start":{"line":217,"column":15},"end":{"line":217,"column":30}},"115":{"start":{"line":218,"column":19},"end":{"line":220,"column":6}},"116":{"start":{"line":219,"column":6},"end":{"line":219,"column":41}},"117":{"start":{"line":221,"column":4},"end":{"line":221,"column":63}},"118":{"start":{"line":226,"column":2},"end":{"line":231,"column":3}},"119":{"start":{"line":235,"column":2},"end":{"line":237,"column":4}},"120":{"start":{"line":236,"column":4},"end":{"line":236,"column":22}},"121":{"start":{"line":238,"column":2},"end":{"line":240,"column":4}},"122":{"start":{"line":239,"column":4},"end":{"line":239,"column":22}},"123":{"start":{"line":241,"column":18},"end":{"line":241,"column":21}},"124":{"start":{"line":242,"column":2},"end":{"line":244,"column":3}},"125":{"start":{"line":243,"column":4},"end":{"line":243,"column":48}},"126":{"start":{"line":245,"column":2},"end":{"line":245,"column":30}},"127":{"start":{"line":246,"column":2},"end":{"line":246,"column":13}},"128":{"start":{"line":250,"column":2},"end":{"line":250,"column":27}},"129":{"start":{"line":251,"column":2},"end":{"line":251,"column":43}},"130":{"start":{"line":252,"column":2},"end":{"line":264,"column":3}},"131":{"start":{"line":253,"column":18},"end":{"line":253,"column":68}},"132":{"start":{"line":254,"column":4},"end":{"line":263,"column":5}},"133":{"start":{"line":255,"column":6},"end":{"line":255,"column":78}},"134":{"start":{"line":257,"column":19},"end":{"line":257,"column":37}},"135":{"start":{"line":258,"column":6},"end":{"line":258,"column":24}},"136":{"start":{"line":259,"column":6},"end":{"line":261,"column":7}},"137":{"start":{"line":260,"column":8},"end":{"line":260,"column":59}},"138":{"start":{"line":262,"column":6},"end":{"line":262,"column":19}},"139":{"start":{"line":265,"column":2},"end":{"line":265,"column":32}},"140":{"start":{"line":269,"column":23},"end":{"line":269,"column":46}},"141":{"start":{"line":270,"column":13},"end":{"line":270,"column":54}},"142":{"start":{"line":271,"column":2},"end":{"line":273,"column":60}},"143":{"start":{"line":272,"column":33},"end":{"line":272,"column":74}},"144":{"start":{"line":277,"column":2},"end":{"line":277,"column":80}},"145":{"start":{"line":278,"column":2},"end":{"line":278,"column":80}},"146":{"start":{"line":279,"column":2},"end":{"line":279,"column":16}},"147":{"start":{"line":283,"column":13},"end":{"line":283,"column":34}},"148":{"start":{"line":284,"column":2},"end":{"line":284,"column":67}},"149":{"start":{"line":284,"column":13},"end":{"line":284,"column":67}},"150":{"start":{"line":285,"column":2},"end":{"line":285,"column":13}},"151":{"start":{"line":289,"column":2},"end":{"line":292,"column":3}},"152":{"start":{"line":296,"column":2},"end":{"line":296,"column":42}},"153":{"start":{"line":296,"column":31},"end":{"line":296,"column":42}},"154":{"start":{"line":297,"column":17},"end":{"line":297,"column":51}},"155":{"start":{"line":298,"column":13},"end":{"line":298,"column":42}},"156":{"start":{"line":299,"column":13},"end":{"line":299,"column":54}},"157":{"start":{"line":300,"column":2},"end":{"line":304,"column":3}},"158":{"start":{"line":301,"column":4},"end":{"line":301,"column":25}},"159":{"start":{"line":303,"column":4},"end":{"line":303,"column":31}},"160":{"start":{"line":316,"column":2},"end":{"line":320,"column":3}},"161":{"start":{"line":317,"column":4},"end":{"line":317,"column":41}},"162":{"start":{"line":319,"column":4},"end":{"line":319,"column":28}},"163":{"start":{"line":322,"column":2},"end":{"line":382,"column":4}},"164":{"start":{"line":323,"column":20},"end":{"line":323,"column":37}},"165":{"start":{"line":325,"column":20},"end":{"line":325,"column":51}},"166":{"start":{"line":326,"column":4},"end":{"line":333,"column":5}},"167":{"start":{"line":327,"column":6},"end":{"line":331,"column":7}},"168":{"start":{"line":328,"column":8},"end":{"line":330,"column":39}},"169":{"start":{"line":332,"column":6},"end":{"line":332,"column":36}},"170":{"start":{"line":335,"column":4},"end":{"line":375,"column":5}},"171":{"start":{"line":335,"column":17},"end":{"line":335,"column":18}},"172":{"start":{"line":336,"column":17},"end":{"line":336,"column":27}},"173":{"start":{"line":337,"column":18},"end":{"line":337,"column":46}},"174":{"start":{"line":338,"column":6},"end":{"line":374,"column":7}},"175":{"start":{"line":339,"column":19},"end":{"line":339,"column":51}},"176":{"start":{"line":340,"column":20},"end":{"line":347,"column":10}},"177":{"start":{"line":341,"column":22},"end":{"line":341,"column":34}},"178":{"start":{"line":342,"column":10},"end":{"line":346,"column":11}},"179":{"start":{"line":343,"column":12},"end":{"line":343,"column":73}},"180":{"start":{"line":345,"column":12},"end":{"line":345,"column":20}},"181":{"start":{"line":349,"column":8},"end":{"line":372,"column":9}},"182":{"start":{"line":351,"column":12},"end":{"line":359,"column":13}},"183":{"start":{"line":352,"column":14},"end":{"line":354,"column":16}},"184":{"start":{"line":353,"column":16},"end":{"line":353,"column":46}},"185":{"start":{"line":356,"column":14},"end":{"line":358,"column":16}},"186":{"start":{"line":357,"column":16},"end":{"line":357,"column":46}},"187":{"start":{"line":360,"column":12},"end":{"line":360,"column":17}},"188":{"start":{"line":363,"column":12},"end":{"line":371,"column":13}},"189":{"start":{"line":364,"column":27},"end":{"line":364,"column":30}},"190":{"start":{"line":365,"column":14},"end":{"line":367,"column":16}},"191":{"start":{"line":366,"column":16},"end":{"line":366,"column":32}},"192":{"start":{"line":368,"column":14},"end":{"line":370,"column":16}},"193":{"start":{"line":369,"column":16},"end":{"line":369,"column":33}},"194":{"start":{"line":373,"column":8},"end":{"line":373,"column":35}},"195":{"start":{"line":376,"column":4},"end":{"line":381,"column":5}},"196":{"start":{"line":378,"column":6},"end":{"line":378,"column":35}},"197":{"start":{"line":380,"column":6},"end":{"line":380,"column":17}},"198":{"start":{"line":385,"column":12},"end":{"line":385,"column":15}},"199":{"start":{"line":413,"column":2},"end":{"line":413,"column":45}},"200":{"start":{"line":413,"column":35},"end":{"line":413,"column":45}},"201":{"start":{"line":415,"column":2},"end":{"line":417,"column":3}},"202":{"start":{"line":416,"column":4},"end":{"line":416,"column":54}},"203":{"start":{"line":419,"column":2},"end":{"line":426,"column":3}},"204":{"start":{"line":420,"column":17},"end":{"line":420,"column":46}},"205":{"start":{"line":421,"column":4},"end":{"line":425,"column":5}},"206":{"start":{"line":422,"column":6},"end":{"line":422,"column":22}},"207":{"start":{"line":424,"column":6},"end":{"line":424,"column":37}},"208":{"start":{"line":428,"column":2},"end":{"line":431,"column":3}},"209":{"start":{"line":429,"column":4},"end":{"line":430,"column":80}},"210":{"start":{"line":433,"column":16},"end":{"line":438,"column":3}},"211":{"start":{"line":440,"column":2},"end":{"line":440,"column":39}},"212":{"start":{"line":441,"column":14},"end":{"line":441,"column":50}},"213":{"start":{"line":442,"column":2},"end":{"line":447,"column":3}},"214":{"start":{"line":443,"column":4},"end":{"line":443,"column":29}},"215":{"start":{"line":444,"column":4},"end":{"line":446,"column":5}},"216":{"start":{"line":445,"column":6},"end":{"line":445,"column":61}},"217":{"start":{"line":449,"column":17},"end":{"line":449,"column":51}},"218":{"start":{"line":450,"column":2},"end":{"line":450,"column":45}},"219":{"start":{"line":450,"column":23},"end":{"line":450,"column":45}},"220":{"start":{"line":452,"column":15},"end":{"line":465,"column":4}},"221":{"start":{"line":453,"column":4},"end":{"line":453,"column":28}},"222":{"start":{"line":454,"column":4},"end":{"line":454,"column":28}},"223":{"start":{"line":455,"column":4},"end":{"line":464,"column":5}},"224":{"start":{"line":459,"column":21},"end":{"line":459,"column":43}},"225":{"start":{"line":460,"column":21},"end":{"line":460,"column":43}},"226":{"start":{"line":461,"column":6},"end":{"line":461,"column":68}},"227":{"start":{"line":463,"column":6},"end":{"line":463,"column":40}},"228":{"start":{"line":466,"column":2},"end":{"line":468,"column":3}},"229":{"start":{"line":467,"column":4},"end":{"line":467,"column":28}},"230":{"start":{"line":469,"column":2},"end":{"line":469,"column":15}},"231":{"start":{"line":473,"column":11},"end":{"line":473,"column":13}},"232":{"start":{"line":474,"column":2},"end":{"line":476,"column":19}},"233":{"start":{"line":475,"column":4},"end":{"line":475,"column":34}},"234":{"start":{"line":477,"column":2},"end":{"line":477,"column":11}},"235":{"start":{"line":481,"column":11},"end":{"line":481,"column":36}},"236":{"start":{"line":482,"column":12},"end":{"line":482,"column":29}},"237":{"start":{"line":484,"column":2},"end":{"line":496,"column":4}},"238":{"start":{"line":485,"column":4},"end":{"line":494,"column":5}},"239":{"start":{"line":486,"column":6},"end":{"line":486,"column":72}},"240":{"start":{"line":487,"column":6},"end":{"line":487,"column":17}},"241":{"start":{"line":488,"column":11},"end":{"line":494,"column":5}},"242":{"start":{"line":489,"column":6},"end":{"line":489,"column":70}},"243":{"start":{"line":490,"column":6},"end":{"line":490,"column":17}},"244":{"start":{"line":491,"column":11},"end":{"line":494,"column":5}},"245":{"start":{"line":492,"column":6},"end":{"line":492,"column":64}},"246":{"start":{"line":493,"column":6},"end":{"line":493,"column":17}},"247":{"start":{"line":495,"column":4},"end":{"line":495,"column":16}},"248":{"start":{"line":500,"column":2},"end":{"line":505,"column":3}},"249":{"start":{"line":500,"column":15},"end":{"line":500,"column":16}},"250":{"start":{"line":500,"column":24},"end":{"line":500,"column":37}},"251":{"start":{"line":501,"column":17},"end":{"line":501,"column":60}},"252":{"start":{"line":502,"column":4},"end":{"line":504,"column":5}},"253":{"start":{"line":503,"column":6},"end":{"line":503,"column":32}},"254":{"start":{"line":506,"column":2},"end":{"line":506,"column":11}},"255":{"start":{"line":510,"column":2},"end":{"line":510,"column":43}},"256":{"start":{"line":510,"column":29},"end":{"line":510,"column":43}},"257":{"start":{"line":511,"column":2},"end":{"line":513,"column":8}},"258":{"start":{"line":512,"column":4},"end":{"line":512,"column":31}},"259":{"start":{"line":517,"column":0},"end":{"line":517,"column":24}},"260":{"start":{"line":518,"column":0},"end":{"line":518,"column":23}},"261":{"start":{"line":519,"column":0},"end":{"line":522,"column":1}},"262":{"start":{"line":525,"column":0},"end":{"line":530,"column":1}},"263":{"start":{"line":533,"column":0},"end":{"line":546,"column":1}},"264":{"start":{"line":550,"column":0},"end":{"line":556,"column":1}},"265":{"start":{"line":559,"column":0},"end":{"line":559,"column":33}},"266":{"start":{"line":561,"column":0},"end":{"line":561,"column":42}},"267":{"start":{"line":562,"column":0},"end":{"line":562,"column":42}},"268":{"start":{"line":563,"column":0},"end":{"line":563,"column":40}},"269":{"start":{"line":564,"column":0},"end":{"line":564,"column":40}},"270":{"start":{"line":565,"column":0},"end":{"line":565,"column":40}},"271":{"start":{"line":581,"column":0},"end":{"line":623,"column":1}},"272":{"start":{"line":583,"column":2},"end":{"line":614,"column":3}},"273":{"start":{"line":584,"column":4},"end":{"line":584,"column":36}},"274":{"start":{"line":585,"column":9},"end":{"line":614,"column":3}},"275":{"start":{"line":586,"column":15},"end":{"line":586,"column":17}},"276":{"start":{"line":587,"column":4},"end":{"line":587,"column":54}},"277":{"start":{"line":588,"column":22},"end":{"line":588,"column":39}},"278":{"start":{"line":589,"column":4},"end":{"line":591,"column":5}},"279":{"start":{"line":590,"column":6},"end":{"line":590,"column":77}},"280":{"start":{"line":592,"column":4},"end":{"line":592,"column":13}},"281":{"start":{"line":593,"column":4},"end":{"line":595,"column":5}},"282":{"start":{"line":594,"column":6},"end":{"line":594,"column":52}},"283":{"start":{"line":596,"column":9},"end":{"line":614,"column":3}},"284":{"start":{"line":597,"column":4},"end":{"line":601,"column":5}},"285":{"start":{"line":598,"column":6},"end":{"line":598,"column":33}},"286":{"start":{"line":600,"column":6},"end":{"line":600,"column":33}},"287":{"start":{"line":602,"column":4},"end":{"line":602,"column":65}},"288":{"start":{"line":603,"column":4},"end":{"line":603,"column":36}},"289":{"start":{"line":605,"column":4},"end":{"line":607,"column":5}},"290":{"start":{"line":606,"column":6},"end":{"line":606,"column":33}},"291":{"start":{"line":608,"column":4},"end":{"line":608,"column":14}},"292":{"start":{"line":609,"column":4},"end":{"line":613,"column":5}},"293":{"start":{"line":610,"column":6},"end":{"line":612,"column":7}},"294":{"start":{"line":611,"column":8},"end":{"line":611,"column":57}},"295":{"start":{"line":616,"column":2},"end":{"line":622,"column":7}},"296":{"start":{"line":617,"column":16},"end":{"line":617,"column":23}},"297":{"start":{"line":618,"column":4},"end":{"line":620,"column":5}},"298":{"start":{"line":619,"column":6},"end":{"line":619,"column":44}},"299":{"start":{"line":621,"column":4},"end":{"line":621,"column":29}},"300":{"start":{"line":625,"column":14},"end":{"line":1153,"column":1}},"301":{"start":{"line":629,"column":6},"end":{"line":638,"column":12}},"302":{"start":{"line":630,"column":19},"end":{"line":630,"column":40}},"303":{"start":{"line":631,"column":8},"end":{"line":631,"column":34}},"304":{"start":{"line":631,"column":19},"end":{"line":631,"column":34}},"305":{"start":{"line":632,"column":19},"end":{"line":632,"column":60}},"306":{"start":{"line":633,"column":8},"end":{"line":633,"column":46}},"307":{"start":{"line":634,"column":8},"end":{"line":636,"column":9}},"308":{"start":{"line":635,"column":10},"end":{"line":635,"column":55}},"309":{"start":{"line":637,"column":8},"end":{"line":637,"column":36}},"310":{"start":{"line":644,"column":6},"end":{"line":653,"column":12}},"311":{"start":{"line":645,"column":19},"end":{"line":645,"column":40}},"312":{"start":{"line":646,"column":8},"end":{"line":646,"column":34}},"313":{"start":{"line":646,"column":19},"end":{"line":646,"column":34}},"314":{"start":{"line":647,"column":19},"end":{"line":647,"column":49}},"315":{"start":{"line":648,"column":8},"end":{"line":648,"column":46}},"316":{"start":{"line":649,"column":8},"end":{"line":651,"column":9}},"317":{"start":{"line":650,"column":10},"end":{"line":650,"column":55}},"318":{"start":{"line":652,"column":8},"end":{"line":652,"column":36}},"319":{"start":{"line":659,"column":26},"end":{"line":659,"column":70}},"320":{"start":{"line":660,"column":6},"end":{"line":662,"column":8}},"321":{"start":{"line":661,"column":8},"end":{"line":661,"column":33}},"322":{"start":{"line":668,"column":17},"end":{"line":668,"column":41}},"323":{"start":{"line":669,"column":26},"end":{"line":669,"column":67}},"324":{"start":{"line":670,"column":17},"end":{"line":670,"column":57}},"325":{"start":{"line":671,"column":6},"end":{"line":673,"column":7}},"326":{"start":{"line":672,"column":8},"end":{"line":672,"column":53}},"327":{"start":{"line":674,"column":6},"end":{"line":674,"column":17}},"328":{"start":{"line":680,"column":6},"end":{"line":682,"column":8}},"329":{"start":{"line":681,"column":8},"end":{"line":681,"column":33}},"330":{"start":{"line":688,"column":17},"end":{"line":688,"column":41}},"331":{"start":{"line":689,"column":17},"end":{"line":689,"column":74}},"332":{"start":{"line":690,"column":6},"end":{"line":692,"column":7}},"333":{"start":{"line":691,"column":8},"end":{"line":691,"column":53}},"334":{"start":{"line":693,"column":6},"end":{"line":693,"column":17}},"335":{"start":{"line":699,"column":6},"end":{"line":707,"column":12}},"336":{"start":{"line":700,"column":19},"end":{"line":700,"column":40}},"337":{"start":{"line":701,"column":8},"end":{"line":701,"column":34}},"338":{"start":{"line":701,"column":19},"end":{"line":701,"column":34}},"339":{"start":{"line":702,"column":19},"end":{"line":704,"column":10}},"340":{"start":{"line":703,"column":10},"end":{"line":703,"column":48}},"341":{"start":{"line":705,"column":8},"end":{"line":705,"column":46}},"342":{"start":{"line":706,"column":8},"end":{"line":706,"column":36}},"343":{"start":{"line":713,"column":6},"end":{"line":713,"column":15}},"344":{"start":{"line":719,"column":17},"end":{"line":719,"column":41}},"345":{"start":{"line":720,"column":6},"end":{"line":722,"column":35}},"346":{"start":{"line":721,"column":8},"end":{"line":721,"column":46}},"347":{"start":{"line":728,"column":6},"end":{"line":728,"column":61}},"348":{"start":{"line":734,"column":6},"end":{"line":734,"column":27}},"349":{"start":{"line":735,"column":6},"end":{"line":735,"column":41}},"350":{"start":{"line":736,"column":6},"end":{"line":736,"column":35}},"351":{"start":{"line":737,"column":6},"end":{"line":737,"column":72}},"352":{"start":{"line":743,"column":6},"end":{"line":743,"column":41}},"353":{"start":{"line":744,"column":18},"end":{"line":744,"column":43}},"354":{"start":{"line":745,"column":6},"end":{"line":762,"column":12}},"355":{"start":{"line":746,"column":8},"end":{"line":760,"column":9}},"356":{"start":{"line":747,"column":10},"end":{"line":749,"column":11}},"357":{"start":{"line":748,"column":12},"end":{"line":748,"column":32}},"358":{"start":{"line":750,"column":15},"end":{"line":760,"column":9}},"359":{"start":{"line":751,"column":10},"end":{"line":753,"column":11}},"360":{"start":{"line":752,"column":12},"end":{"line":752,"column":32}},"361":{"start":{"line":754,"column":15},"end":{"line":760,"column":9}},"362":{"start":{"line":755,"column":10},"end":{"line":757,"column":11}},"363":{"start":{"line":756,"column":12},"end":{"line":756,"column":32}},"364":{"start":{"line":758,"column":15},"end":{"line":760,"column":9}},"365":{"start":{"line":759,"column":10},"end":{"line":759,"column":30}},"366":{"start":{"line":761,"column":8},"end":{"line":761,"column":21}},"367":{"start":{"line":768,"column":6},"end":{"line":768,"column":41}},"368":{"start":{"line":769,"column":6},"end":{"line":771,"column":7}},"369":{"start":{"line":770,"column":8},"end":{"line":770,"column":79}},"370":{"start":{"line":772,"column":18},"end":{"line":772,"column":37}},"371":{"start":{"line":773,"column":6},"end":{"line":790,"column":12}},"372":{"start":{"line":774,"column":8},"end":{"line":788,"column":9}},"373":{"start":{"line":775,"column":10},"end":{"line":777,"column":11}},"374":{"start":{"line":776,"column":12},"end":{"line":776,"column":32}},"375":{"start":{"line":778,"column":15},"end":{"line":788,"column":9}},"376":{"start":{"line":779,"column":10},"end":{"line":781,"column":11}},"377":{"start":{"line":780,"column":12},"end":{"line":780,"column":32}},"378":{"start":{"line":782,"column":15},"end":{"line":788,"column":9}},"379":{"start":{"line":783,"column":10},"end":{"line":785,"column":11}},"380":{"start":{"line":784,"column":12},"end":{"line":784,"column":32}},"381":{"start":{"line":786,"column":15},"end":{"line":788,"column":9}},"382":{"start":{"line":787,"column":10},"end":{"line":787,"column":30}},"383":{"start":{"line":789,"column":8},"end":{"line":789,"column":21}},"384":{"start":{"line":796,"column":6},"end":{"line":796,"column":41}},"385":{"start":{"line":797,"column":18},"end":{"line":797,"column":64}},"386":{"start":{"line":798,"column":6},"end":{"line":803,"column":7}},"387":{"start":{"line":799,"column":8},"end":{"line":799,"column":33}},"388":{"start":{"line":800,"column":8},"end":{"line":802,"column":9}},"389":{"start":{"line":801,"column":10},"end":{"line":801,"column":65}},"390":{"start":{"line":804,"column":6},"end":{"line":806,"column":7}},"391":{"start":{"line":805,"column":8},"end":{"line":805,"column":79}},"392":{"start":{"line":807,"column":18},"end":{"line":807,"column":37}},"393":{"start":{"line":808,"column":6},"end":{"line":825,"column":12}},"394":{"start":{"line":809,"column":8},"end":{"line":823,"column":9}},"395":{"start":{"line":810,"column":10},"end":{"line":812,"column":11}},"396":{"start":{"line":811,"column":12},"end":{"line":811,"column":32}},"397":{"start":{"line":813,"column":15},"end":{"line":823,"column":9}},"398":{"start":{"line":814,"column":10},"end":{"line":816,"column":11}},"399":{"start":{"line":815,"column":12},"end":{"line":815,"column":32}},"400":{"start":{"line":817,"column":15},"end":{"line":823,"column":9}},"401":{"start":{"line":818,"column":10},"end":{"line":820,"column":11}},"402":{"start":{"line":819,"column":12},"end":{"line":819,"column":32}},"403":{"start":{"line":821,"column":15},"end":{"line":823,"column":9}},"404":{"start":{"line":822,"column":10},"end":{"line":822,"column":30}},"405":{"start":{"line":824,"column":8},"end":{"line":824,"column":21}},"406":{"start":{"line":831,"column":6},"end":{"line":831,"column":41}},"407":{"start":{"line":832,"column":6},"end":{"line":836,"column":7}},"408":{"start":{"line":833,"column":8},"end":{"line":833,"column":35}},"409":{"start":{"line":835,"column":8},"end":{"line":835,"column":35}},"410":{"start":{"line":837,"column":6},"end":{"line":837,"column":67}},"411":{"start":{"line":838,"column":18},"end":{"line":838,"column":43}},"412":{"start":{"line":839,"column":6},"end":{"line":856,"column":12}},"413":{"start":{"line":840,"column":8},"end":{"line":854,"column":9}},"414":{"start":{"line":841,"column":10},"end":{"line":843,"column":11}},"415":{"start":{"line":842,"column":12},"end":{"line":842,"column":32}},"416":{"start":{"line":844,"column":15},"end":{"line":854,"column":9}},"417":{"start":{"line":845,"column":10},"end":{"line":847,"column":11}},"418":{"start":{"line":846,"column":12},"end":{"line":846,"column":32}},"419":{"start":{"line":848,"column":15},"end":{"line":854,"column":9}},"420":{"start":{"line":849,"column":10},"end":{"line":851,"column":11}},"421":{"start":{"line":850,"column":12},"end":{"line":850,"column":32}},"422":{"start":{"line":852,"column":15},"end":{"line":854,"column":9}},"423":{"start":{"line":853,"column":10},"end":{"line":853,"column":30}},"424":{"start":{"line":855,"column":8},"end":{"line":855,"column":21}},"425":{"start":{"line":862,"column":6},"end":{"line":862,"column":37}},"426":{"start":{"line":863,"column":18},"end":{"line":863,"column":43}},"427":{"start":{"line":864,"column":6},"end":{"line":883,"column":7}},"428":{"start":{"line":865,"column":8},"end":{"line":882,"column":9}},"429":{"start":{"line":866,"column":10},"end":{"line":870,"column":11}},"430":{"start":{"line":867,"column":12},"end":{"line":869,"column":13}},"431":{"start":{"line":871,"column":10},"end":{"line":871,"column":37}},"432":{"start":{"line":873,"column":22},"end":{"line":873,"column":61}},"433":{"start":{"line":874,"column":22},"end":{"line":874,"column":30}},"434":{"start":{"line":875,"column":10},"end":{"line":879,"column":11}},"435":{"start":{"line":876,"column":12},"end":{"line":876,"column":39}},"436":{"start":{"line":878,"column":12},"end":{"line":878,"column":39}},"437":{"start":{"line":880,"column":10},"end":{"line":880,"column":71}},"438":{"start":{"line":881,"column":10},"end":{"line":881,"column":43}},"439":{"start":{"line":884,"column":21},"end":{"line":886,"column":8}},"440":{"start":{"line":885,"column":8},"end":{"line":885,"column":34}},"441":{"start":{"line":887,"column":22},"end":{"line":887,"column":23}},"442":{"start":{"line":888,"column":19},"end":{"line":888,"column":21}},"443":{"start":{"line":890,"column":6},"end":{"line":896,"column":7}},"444":{"start":{"line":890,"column":19},"end":{"line":890,"column":20}},"445":{"start":{"line":891,"column":8},"end":{"line":891,"column":29}},"446":{"start":{"line":892,"column":8},"end":{"line":892,"column":39}},"447":{"start":{"line":892,"column":34},"end":{"line":892,"column":39}},"448":{"start":{"line":893,"column":8},"end":{"line":893,"column":35}},"449":{"start":{"line":894,"column":8},"end":{"line":894,"column":28}},"450":{"start":{"line":895,"column":8},"end":{"line":895,"column":40}},"451":{"start":{"line":895,"column":35},"end":{"line":895,"column":40}},"452":{"start":{"line":897,"column":6},"end":{"line":897,"column":19}},"453":{"start":{"line":903,"column":6},"end":{"line":903,"column":50}},"454":{"start":{"line":904,"column":21},"end":{"line":904,"column":48}},"455":{"start":{"line":905,"column":6},"end":{"line":911,"column":12}},"456":{"start":{"line":906,"column":20},"end":{"line":906,"column":37}},"457":{"start":{"line":907,"column":8},"end":{"line":909,"column":9}},"458":{"start":{"line":908,"column":10},"end":{"line":908,"column":30}},"459":{"start":{"line":910,"column":8},"end":{"line":910,"column":21}},"460":{"start":{"line":917,"column":22},"end":{"line":917,"column":45}},"461":{"start":{"line":918,"column":20},"end":{"line":918,"column":41}},"462":{"start":{"line":919,"column":6},"end":{"line":921,"column":7}},"463":{"start":{"line":920,"column":8},"end":{"line":920,"column":79}},"464":{"start":{"line":922,"column":6},"end":{"line":924,"column":7}},"465":{"start":{"line":923,"column":8},"end":{"line":923,"column":77}},"466":{"start":{"line":925,"column":6},"end":{"line":925,"column":29}},"467":{"start":{"line":926,"column":6},"end":{"line":926,"column":25}},"468":{"start":{"line":927,"column":6},"end":{"line":932,"column":8}},"469":{"start":{"line":928,"column":21},"end":{"line":928,"column":34}},"470":{"start":{"line":929,"column":8},"end":{"line":929,"column":45}},"471":{"start":{"line":931,"column":8},"end":{"line":931,"column":33}},"472":{"start":{"line":938,"column":25},"end":{"line":942,"column":8}},"473":{"start":{"line":939,"column":8},"end":{"line":939,"column":34}},"474":{"start":{"line":941,"column":8},"end":{"line":941,"column":24}},"475":{"start":{"line":943,"column":25},"end":{"line":943,"column":62}},"476":{"start":{"line":944,"column":6},"end":{"line":947,"column":7}},"477":{"start":{"line":945,"column":8},"end":{"line":946,"column":52}},"478":{"start":{"line":948,"column":6},"end":{"line":951,"column":7}},"479":{"start":{"line":949,"column":8},"end":{"line":950,"column":50}},"480":{"start":{"line":952,"column":6},"end":{"line":957,"column":10}},"481":{"start":{"line":956,"column":10},"end":{"line":956,"column":28}},"482":{"start":{"line":963,"column":17},"end":{"line":963,"column":41}},"483":{"start":{"line":964,"column":6},"end":{"line":964,"column":61}},"484":{"start":{"line":965,"column":6},"end":{"line":965,"column":55}},"485":{"start":{"line":967,"column":21},"end":{"line":967,"column":34}},"486":{"start":{"line":968,"column":8},"end":{"line":968,"column":45}},"487":{"start":{"line":970,"column":6},"end":{"line":970,"column":68}},"488":{"start":{"line":976,"column":25},"end":{"line":976,"column":51}},"489":{"start":{"line":977,"column":6},"end":{"line":981,"column":10}},"490":{"start":{"line":980,"column":10},"end":{"line":980,"column":35}},"491":{"start":{"line":987,"column":25},"end":{"line":991,"column":8}},"492":{"start":{"line":988,"column":8},"end":{"line":988,"column":34}},"493":{"start":{"line":990,"column":8},"end":{"line":990,"column":24}},"494":{"start":{"line":992,"column":6},"end":{"line":996,"column":10}},"495":{"start":{"line":995,"column":10},"end":{"line":995,"column":28}},"496":{"start":{"line":1002,"column":17},"end":{"line":1002,"column":41}},"497":{"start":{"line":1003,"column":18},"end":{"line":1003,"column":65}},"498":{"start":{"line":1004,"column":6},"end":{"line":1006,"column":7}},"499":{"start":{"line":1005,"column":8},"end":{"line":1005,"column":23}},"500":{"start":{"line":1007,"column":6},"end":{"line":1011,"column":10}},"501":{"start":{"line":1010,"column":10},"end":{"line":1010,"column":36}},"502":{"start":{"line":1017,"column":6},"end":{"line":1017,"column":41}},"503":{"start":{"line":1023,"column":6},"end":{"line":1023,"column":28}},"504":{"start":{"line":1029,"column":25},"end":{"line":1029,"column":51}},"505":{"start":{"line":1030,"column":19},"end":{"line":1030,"column":36}},"506":{"start":{"line":1031,"column":6},"end":{"line":1034,"column":7}},"507":{"start":{"line":1032,"column":8},"end":{"line":1033,"column":56}},"508":{"start":{"line":1035,"column":6},"end":{"line":1035,"column":33}},"509":{"start":{"line":1041,"column":25},"end":{"line":1043,"column":8}},"510":{"start":{"line":1042,"column":8},"end":{"line":1042,"column":34}},"511":{"start":{"line":1044,"column":20},"end":{"line":1046,"column":8}},"512":{"start":{"line":1045,"column":8},"end":{"line":1045,"column":50}},"513":{"start":{"line":1047,"column":6},"end":{"line":1054,"column":7}},"514":{"start":{"line":1048,"column":8},"end":{"line":1053,"column":9}},"515":{"start":{"line":1049,"column":10},"end":{"line":1049,"column":19}},"516":{"start":{"line":1051,"column":10},"end":{"line":1052,"column":57}},"517":{"start":{"line":1055,"column":6},"end":{"line":1055,"column":60}},"518":{"start":{"line":1061,"column":6},"end":{"line":1061,"column":48}},"519":{"start":{"line":1067,"column":16},"end":{"line":1067,"column":26}},"520":{"start":{"line":1068,"column":20},"end":{"line":1074,"column":8}},"521":{"start":{"line":1069,"column":8},"end":{"line":1071,"column":28}},"522":{"start":{"line":1073,"column":8},"end":{"line":1073,"column":37}},"523":{"start":{"line":1075,"column":6},"end":{"line":1075,"column":38}},"524":{"start":{"line":1081,"column":6},"end":{"line":1081,"column":25}},"525":{"start":{"line":1087,"column":6},"end":{"line":1087,"column":25}},"526":{"start":{"line":1093,"column":6},"end":{"line":1093,"column":47}},"527":{"start":{"line":1093,"column":33},"end":{"line":1093,"column":47}},"528":{"start":{"line":1094,"column":17},"end":{"line":1094,"column":41}},"529":{"start":{"line":1095,"column":18},"end":{"line":1095,"column":49}},"530":{"start":{"line":1096,"column":6},"end":{"line":1113,"column":7}},"531":{"start":{"line":1097,"column":8},"end":{"line":1097,"column":23}},"532":{"start":{"line":1099,"column":8},"end":{"line":1103,"column":9}},"533":{"start":{"line":1100,"column":10},"end":{"line":1100,"column":32}},"534":{"start":{"line":1102,"column":10},"end":{"line":1102,"column":45}},"535":{"start":{"line":1104,"column":8},"end":{"line":1104,"column":45}},"536":{"start":{"line":1105,"column":8},"end":{"line":1112,"column":9}},"537":{"start":{"line":1106,"column":10},"end":{"line":1106,"column":25}},"538":{"start":{"line":1107,"column":15},"end":{"line":1112,"column":9}},"539":{"start":{"line":1108,"column":10},"end":{"line":1108,"column":19}},"540":{"start":{"line":1110,"column":10},"end":{"line":1111,"column":57}},"541":{"start":{"line":1114,"column":6},"end":{"line":1114,"column":40}},"542":{"start":{"line":1120,"column":6},"end":{"line":1120,"column":61}},"543":{"start":{"line":1126,"column":6},"end":{"line":1126,"column":52}},"544":{"start":{"line":1132,"column":17},"end":{"line":1138,"column":7}},"545":{"start":{"line":1139,"column":6},"end":{"line":1139,"column":35}},"546":{"start":{"line":1145,"column":6},"end":{"line":1150,"column":7}},"547":{"start":{"line":1146,"column":8},"end":{"line":1147,"column":71}},"548":{"start":{"line":1149,"column":8},"end":{"line":1149,"column":32}},"549":{"start":{"line":1157,"column":0},"end":{"line":1181,"column":4}},"550":{"start":{"line":1158,"column":2},"end":{"line":1180,"column":3}},"551":{"start":{"line":1159,"column":18},"end":{"line":1159,"column":30}},"552":{"start":{"line":1160,"column":4},"end":{"line":1165,"column":5}},"553":{"start":{"line":1166,"column":4},"end":{"line":1166,"column":68}},"554":{"start":{"line":1168,"column":4},"end":{"line":1168,"column":43}},"555":{"start":{"line":1169,"column":4},"end":{"line":1179,"column":5}},"556":{"start":{"line":1169,"column":17},"end":{"line":1169,"column":18}},"557":{"start":{"line":1170,"column":17},"end":{"line":1170,"column":36}},"558":{"start":{"line":1171,"column":6},"end":{"line":1171,"column":25}},"559":{"start":{"line":1171,"column":17},"end":{"line":1171,"column":25}},"560":{"start":{"line":1173,"column":6},"end":{"line":1178,"column":7}},"561":{"start":{"line":1174,"column":23},"end":{"line":1174,"column":38}},"562":{"start":{"line":1175,"column":8},"end":{"line":1177,"column":9}},"563":{"start":{"line":1175,"column":21},"end":{"line":1175,"column":22}},"564":{"start":{"line":1176,"column":10},"end":{"line":1176,"column":63}},"565":{"start":{"line":1183,"column":0},"end":{"line":1183,"column":29}}},"fnMap":{"0":{"name":"isVersionsMatch","decl":{"start":{"line":16,"column":9},"end":{"line":16,"column":24}},"loc":{"start":{"line":16,"column":46},"end":{"line":18,"column":1}},"line":16},"1":{"name":"isEolReleased","decl":{"start":{"line":20,"column":9},"end":{"line":20,"column":22}},"loc":{"start":{"line":20,"column":30},"end":{"line":25,"column":1}},"line":20},"2":{"name":"(anonymous_2)","decl":{"start":{"line":22,"column":25},"end":{"line":22,"column":26}},"loc":{"start":{"line":22,"column":38},"end":{"line":24,"column":3}},"line":22},"3":{"name":"normalize","decl":{"start":{"line":27,"column":9},"end":{"line":27,"column":18}},"loc":{"start":{"line":27,"column":30},"end":{"line":31,"column":1}},"line":27},"4":{"name":"(anonymous_4)","decl":{"start":{"line":28,"column":25},"end":{"line":28,"column":26}},"loc":{"start":{"line":28,"column":44},"end":{"line":30,"column":3}},"line":28},"5":{"name":"normalizeElectron","decl":{"start":{"line":33,"column":9},"end":{"line":33,"column":26}},"loc":{"start":{"line":33,"column":37},"end":{"line":42,"column":1}},"line":33},"6":{"name":"nameMapper","decl":{"start":{"line":44,"column":9},"end":{"line":44,"column":19}},"loc":{"start":{"line":44,"column":27},"end":{"line":48,"column":1}},"line":44},"7":{"name":"mapName","decl":{"start":{"line":45,"column":18},"end":{"line":45,"column":25}},"loc":{"start":{"line":45,"column":36},"end":{"line":47,"column":3}},"line":45},"8":{"name":"getMajor","decl":{"start":{"line":50,"column":9},"end":{"line":50,"column":17}},"loc":{"start":{"line":50,"column":28},"end":{"line":52,"column":1}},"line":50},"9":{"name":"getMajorVersions","decl":{"start":{"line":54,"column":9},"end":{"line":54,"column":25}},"loc":{"start":{"line":54,"column":45},"end":{"line":67,"column":1}},"line":54},"10":{"name":"uniq","decl":{"start":{"line":69,"column":9},"end":{"line":69,"column":13}},"loc":{"start":{"line":69,"column":22},"end":{"line":79,"column":1}},"line":69},"11":{"name":"(anonymous_11)","decl":{"start":{"line":72,"column":18},"end":{"line":72,"column":19}},"loc":{"start":{"line":72,"column":34},"end":{"line":76,"column":5}},"line":72},"12":{"name":"fillUsage","decl":{"start":{"line":83,"column":9},"end":{"line":83,"column":18}},"loc":{"start":{"line":83,"column":40},"end":{"line":87,"column":1}},"line":83},"13":{"name":"generateFilter","decl":{"start":{"line":89,"column":9},"end":{"line":89,"column":23}},"loc":{"start":{"line":89,"column":40},"end":{"line":108,"column":1}},"line":89},"14":{"name":"(anonymous_14)","decl":{"start":{"line":92,"column":11},"end":{"line":92,"column":12}},"loc":{"start":{"line":92,"column":24},"end":{"line":94,"column":5}},"line":92},"15":{"name":"(anonymous_15)","decl":{"start":{"line":96,"column":11},"end":{"line":96,"column":12}},"loc":{"start":{"line":96,"column":24},"end":{"line":98,"column":5}},"line":96},"16":{"name":"(anonymous_16)","decl":{"start":{"line":100,"column":11},"end":{"line":100,"column":12}},"loc":{"start":{"line":100,"column":24},"end":{"line":102,"column":5}},"line":100},"17":{"name":"(anonymous_17)","decl":{"start":{"line":104,"column":11},"end":{"line":104,"column":12}},"loc":{"start":{"line":104,"column":24},"end":{"line":106,"column":5}},"line":104},"18":{"name":"generateSemverFilter","decl":{"start":{"line":110,"column":9},"end":{"line":110,"column":29}},"loc":{"start":{"line":110,"column":46},"end":{"line":135,"column":1}},"line":110},"19":{"name":"(anonymous_19)","decl":{"start":{"line":115,"column":11},"end":{"line":115,"column":12}},"loc":{"start":{"line":115,"column":24},"end":{"line":118,"column":5}},"line":115},"20":{"name":"(anonymous_20)","decl":{"start":{"line":120,"column":11},"end":{"line":120,"column":12}},"loc":{"start":{"line":120,"column":24},"end":{"line":123,"column":5}},"line":120},"21":{"name":"(anonymous_21)","decl":{"start":{"line":125,"column":11},"end":{"line":125,"column":12}},"loc":{"start":{"line":125,"column":24},"end":{"line":128,"column":5}},"line":125},"22":{"name":"(anonymous_22)","decl":{"start":{"line":130,"column":11},"end":{"line":130,"column":12}},"loc":{"start":{"line":130,"column":24},"end":{"line":133,"column":5}},"line":130},"23":{"name":"parseSimpleInt","decl":{"start":{"line":137,"column":9},"end":{"line":137,"column":23}},"loc":{"start":{"line":137,"column":28},"end":{"line":139,"column":1}},"line":137},"24":{"name":"compare","decl":{"start":{"line":141,"column":9},"end":{"line":141,"column":16}},"loc":{"start":{"line":141,"column":24},"end":{"line":145,"column":1}},"line":141},"25":{"name":"compareSemver","decl":{"start":{"line":147,"column":9},"end":{"line":147,"column":22}},"loc":{"start":{"line":147,"column":30},"end":{"line":153,"column":1}},"line":147},"26":{"name":"semverFilterLoose","decl":{"start":{"line":156,"column":9},"end":{"line":156,"column":26}},"loc":{"start":{"line":156,"column":45},"end":{"line":176,"column":1}},"line":156},"27":{"name":"(anonymous_27)","decl":{"start":{"line":165,"column":13},"end":{"line":165,"column":14}},"loc":{"start":{"line":165,"column":32},"end":{"line":168,"column":7}},"line":165},"28":{"name":"(anonymous_28)","decl":{"start":{"line":171,"column":13},"end":{"line":171,"column":14}},"loc":{"start":{"line":171,"column":32},"end":{"line":174,"column":7}},"line":171},"29":{"name":"compareSemverLoose","decl":{"start":{"line":179,"column":9},"end":{"line":179,"column":27}},"loc":{"start":{"line":179,"column":45},"end":{"line":190,"column":1}},"line":179},"30":{"name":"resolveVersion","decl":{"start":{"line":192,"column":9},"end":{"line":192,"column":23}},"loc":{"start":{"line":192,"column":40},"end":{"line":200,"column":1}},"line":192},"31":{"name":"normalizeVersion","decl":{"start":{"line":202,"column":9},"end":{"line":202,"column":25}},"loc":{"start":{"line":202,"column":42},"end":{"line":211,"column":1}},"line":202},"32":{"name":"filterByYear","decl":{"start":{"line":213,"column":9},"end":{"line":213,"column":21}},"loc":{"start":{"line":213,"column":39},"end":{"line":223,"column":1}},"line":213},"33":{"name":"(anonymous_33)","decl":{"start":{"line":215,"column":36},"end":{"line":215,"column":37}},"loc":{"start":{"line":215,"column":62},"end":{"line":222,"column":3}},"line":215},"34":{"name":"(anonymous_34)","decl":{"start":{"line":218,"column":56},"end":{"line":218,"column":57}},"loc":{"start":{"line":218,"column":69},"end":{"line":220,"column":5}},"line":218},"35":{"name":"cloneData","decl":{"start":{"line":225,"column":9},"end":{"line":225,"column":18}},"loc":{"start":{"line":225,"column":26},"end":{"line":232,"column":1}},"line":225},"36":{"name":"mapVersions","decl":{"start":{"line":234,"column":9},"end":{"line":234,"column":20}},"loc":{"start":{"line":234,"column":33},"end":{"line":247,"column":1}},"line":234},"37":{"name":"(anonymous_37)","decl":{"start":{"line":235,"column":36},"end":{"line":235,"column":37}},"loc":{"start":{"line":235,"column":49},"end":{"line":237,"column":3}},"line":235},"38":{"name":"(anonymous_38)","decl":{"start":{"line":238,"column":36},"end":{"line":238,"column":37}},"loc":{"start":{"line":238,"column":49},"end":{"line":240,"column":3}},"line":238},"39":{"name":"byName","decl":{"start":{"line":249,"column":9},"end":{"line":249,"column":15}},"loc":{"start":{"line":249,"column":32},"end":{"line":266,"column":1}},"line":249},"40":{"name":"normalizeAndroidVersions","decl":{"start":{"line":268,"column":9},"end":{"line":268,"column":33}},"loc":{"start":{"line":268,"column":68},"end":{"line":274,"column":1}},"line":268},"41":{"name":"(anonymous_41)","decl":{"start":{"line":272,"column":12},"end":{"line":272,"column":13}},"loc":{"start":{"line":272,"column":31},"end":{"line":272,"column":76}},"line":272},"42":{"name":"normalizeAndroidData","decl":{"start":{"line":276,"column":9},"end":{"line":276,"column":29}},"loc":{"start":{"line":276,"column":48},"end":{"line":280,"column":1}},"line":276},"43":{"name":"checkName","decl":{"start":{"line":282,"column":9},"end":{"line":282,"column":18}},"loc":{"start":{"line":282,"column":35},"end":{"line":286,"column":1}},"line":282},"44":{"name":"unknownQuery","decl":{"start":{"line":288,"column":9},"end":{"line":288,"column":21}},"loc":{"start":{"line":288,"column":30},"end":{"line":293,"column":1}},"line":288},"45":{"name":"filterAndroid","decl":{"start":{"line":295,"column":9},"end":{"line":295,"column":22}},"loc":{"start":{"line":295,"column":49},"end":{"line":305,"column":1}},"line":295},"46":{"name":"resolve","decl":{"start":{"line":315,"column":9},"end":{"line":315,"column":16}},"loc":{"start":{"line":315,"column":36},"end":{"line":383,"column":1}},"line":315},"47":{"name":"(anonymous_47)","decl":{"start":{"line":322,"column":24},"end":{"line":322,"column":25}},"loc":{"start":{"line":322,"column":56},"end":{"line":382,"column":3}},"line":322},"48":{"name":"(anonymous_48)","decl":{"start":{"line":340,"column":62},"end":{"line":340,"column":63}},"loc":{"start":{"line":340,"column":75},"end":{"line":347,"column":9}},"line":340},"49":{"name":"(anonymous_49)","decl":{"start":{"line":352,"column":28},"end":{"line":352,"column":29}},"loc":{"start":{"line":352,"column":41},"end":{"line":354,"column":15}},"line":352},"50":{"name":"(anonymous_50)","decl":{"start":{"line":356,"column":28},"end":{"line":356,"column":29}},"loc":{"start":{"line":356,"column":41},"end":{"line":358,"column":15}},"line":356},"51":{"name":"(anonymous_51)","decl":{"start":{"line":365,"column":28},"end":{"line":365,"column":29}},"loc":{"start":{"line":365,"column":41},"end":{"line":367,"column":15}},"line":365},"52":{"name":"(anonymous_52)","decl":{"start":{"line":368,"column":28},"end":{"line":368,"column":29}},"loc":{"start":{"line":368,"column":41},"end":{"line":370,"column":15}},"line":368},"53":{"name":"browserslist","decl":{"start":{"line":412,"column":9},"end":{"line":412,"column":21}},"loc":{"start":{"line":412,"column":38},"end":{"line":470,"column":1}},"line":412},"54":{"name":"(anonymous_54)","decl":{"start":{"line":452,"column":52},"end":{"line":452,"column":53}},"loc":{"start":{"line":452,"column":76},"end":{"line":465,"column":3}},"line":452},"55":{"name":"parse","decl":{"start":{"line":472,"column":9},"end":{"line":472,"column":14}},"loc":{"start":{"line":472,"column":25},"end":{"line":478,"column":1}},"line":472},"56":{"name":"doMatch","decl":{"start":{"line":480,"column":9},"end":{"line":480,"column":16}},"loc":{"start":{"line":480,"column":30},"end":{"line":497,"column":1}},"line":480},"57":{"name":"(anonymous_57)","decl":{"start":{"line":484,"column":22},"end":{"line":484,"column":23}},"loc":{"start":{"line":484,"column":48},"end":{"line":496,"column":3}},"line":484},"58":{"name":"find","decl":{"start":{"line":499,"column":9},"end":{"line":499,"column":13}},"loc":{"start":{"line":499,"column":34},"end":{"line":507,"column":1}},"line":499},"59":{"name":"flatten","decl":{"start":{"line":509,"column":9},"end":{"line":509,"column":16}},"loc":{"start":{"line":509,"column":25},"end":{"line":514,"column":1}},"line":509},"60":{"name":"(anonymous_60)","decl":{"start":{"line":511,"column":22},"end":{"line":511,"column":23}},"loc":{"start":{"line":511,"column":38},"end":{"line":513,"column":3}},"line":511},"61":{"name":"(anonymous_61)","decl":{"start":{"line":581,"column":24},"end":{"line":581,"column":25}},"loc":{"start":{"line":581,"column":51},"end":{"line":623,"column":1}},"line":581},"62":{"name":"(anonymous_62)","decl":{"start":{"line":616,"column":25},"end":{"line":616,"column":26}},"loc":{"start":{"line":616,"column":43},"end":{"line":622,"column":3}},"line":616},"63":{"name":"(anonymous_63)","decl":{"start":{"line":628,"column":12},"end":{"line":628,"column":13}},"loc":{"start":{"line":628,"column":41},"end":{"line":639,"column":5}},"line":628},"64":{"name":"(anonymous_64)","decl":{"start":{"line":629,"column":40},"end":{"line":629,"column":41}},"loc":{"start":{"line":629,"column":66},"end":{"line":638,"column":7}},"line":629},"65":{"name":"(anonymous_65)","decl":{"start":{"line":643,"column":12},"end":{"line":643,"column":13}},"loc":{"start":{"line":643,"column":41},"end":{"line":654,"column":5}},"line":643},"66":{"name":"(anonymous_66)","decl":{"start":{"line":644,"column":40},"end":{"line":644,"column":41}},"loc":{"start":{"line":644,"column":66},"end":{"line":653,"column":7}},"line":644},"67":{"name":"(anonymous_67)","decl":{"start":{"line":658,"column":12},"end":{"line":658,"column":13}},"loc":{"start":{"line":658,"column":41},"end":{"line":663,"column":5}},"line":658},"68":{"name":"(anonymous_68)","decl":{"start":{"line":660,"column":31},"end":{"line":660,"column":32}},"loc":{"start":{"line":660,"column":44},"end":{"line":662,"column":7}},"line":660},"69":{"name":"(anonymous_69)","decl":{"start":{"line":667,"column":12},"end":{"line":667,"column":13}},"loc":{"start":{"line":667,"column":47},"end":{"line":675,"column":5}},"line":667},"70":{"name":"(anonymous_70)","decl":{"start":{"line":679,"column":12},"end":{"line":679,"column":13}},"loc":{"start":{"line":679,"column":41},"end":{"line":683,"column":5}},"line":679},"71":{"name":"(anonymous_71)","decl":{"start":{"line":680,"column":61},"end":{"line":680,"column":62}},"loc":{"start":{"line":680,"column":74},"end":{"line":682,"column":7}},"line":680},"72":{"name":"(anonymous_72)","decl":{"start":{"line":687,"column":12},"end":{"line":687,"column":13}},"loc":{"start":{"line":687,"column":47},"end":{"line":694,"column":5}},"line":687},"73":{"name":"(anonymous_73)","decl":{"start":{"line":698,"column":12},"end":{"line":698,"column":13}},"loc":{"start":{"line":698,"column":31},"end":{"line":708,"column":5}},"line":698},"74":{"name":"(anonymous_74)","decl":{"start":{"line":699,"column":40},"end":{"line":699,"column":41}},"loc":{"start":{"line":699,"column":66},"end":{"line":707,"column":7}},"line":699},"75":{"name":"(anonymous_75)","decl":{"start":{"line":702,"column":40},"end":{"line":702,"column":41}},"loc":{"start":{"line":702,"column":53},"end":{"line":704,"column":9}},"line":702},"76":{"name":"(anonymous_76)","decl":{"start":{"line":712,"column":12},"end":{"line":712,"column":13}},"loc":{"start":{"line":712,"column":24},"end":{"line":714,"column":5}},"line":712},"77":{"name":"(anonymous_77)","decl":{"start":{"line":718,"column":12},"end":{"line":718,"column":13}},"loc":{"start":{"line":718,"column":37},"end":{"line":723,"column":5}},"line":718},"78":{"name":"(anonymous_78)","decl":{"start":{"line":720,"column":34},"end":{"line":720,"column":35}},"loc":{"start":{"line":720,"column":47},"end":{"line":722,"column":7}},"line":720},"79":{"name":"(anonymous_79)","decl":{"start":{"line":727,"column":12},"end":{"line":727,"column":13}},"loc":{"start":{"line":727,"column":38},"end":{"line":729,"column":5}},"line":727},"80":{"name":"(anonymous_80)","decl":{"start":{"line":733,"column":12},"end":{"line":733,"column":13}},"loc":{"start":{"line":733,"column":50},"end":{"line":738,"column":5}},"line":733},"81":{"name":"(anonymous_81)","decl":{"start":{"line":742,"column":12},"end":{"line":742,"column":13}},"loc":{"start":{"line":742,"column":49},"end":{"line":763,"column":5}},"line":742},"82":{"name":"(anonymous_82)","decl":{"start":{"line":745,"column":39},"end":{"line":745,"column":40}},"loc":{"start":{"line":745,"column":66},"end":{"line":762,"column":7}},"line":745},"83":{"name":"(anonymous_83)","decl":{"start":{"line":767,"column":12},"end":{"line":767,"column":13}},"loc":{"start":{"line":767,"column":49},"end":{"line":791,"column":5}},"line":767},"84":{"name":"(anonymous_84)","decl":{"start":{"line":773,"column":39},"end":{"line":773,"column":40}},"loc":{"start":{"line":773,"column":66},"end":{"line":790,"column":7}},"line":773},"85":{"name":"(anonymous_85)","decl":{"start":{"line":795,"column":12},"end":{"line":795,"column":13}},"loc":{"start":{"line":795,"column":55},"end":{"line":826,"column":5}},"line":795},"86":{"name":"(anonymous_86)","decl":{"start":{"line":808,"column":39},"end":{"line":808,"column":40}},"loc":{"start":{"line":808,"column":66},"end":{"line":825,"column":7}},"line":808},"87":{"name":"(anonymous_87)","decl":{"start":{"line":830,"column":12},"end":{"line":830,"column":13}},"loc":{"start":{"line":830,"column":56},"end":{"line":857,"column":5}},"line":830},"88":{"name":"(anonymous_88)","decl":{"start":{"line":839,"column":39},"end":{"line":839,"column":40}},"loc":{"start":{"line":839,"column":66},"end":{"line":856,"column":7}},"line":839},"89":{"name":"(anonymous_89)","decl":{"start":{"line":861,"column":12},"end":{"line":861,"column":13}},"loc":{"start":{"line":861,"column":51},"end":{"line":898,"column":5}},"line":861},"90":{"name":"(anonymous_90)","decl":{"start":{"line":884,"column":45},"end":{"line":884,"column":46}},"loc":{"start":{"line":884,"column":61},"end":{"line":886,"column":7}},"line":884},"91":{"name":"(anonymous_91)","decl":{"start":{"line":902,"column":12},"end":{"line":902,"column":13}},"loc":{"start":{"line":902,"column":40},"end":{"line":912,"column":5}},"line":902},"92":{"name":"(anonymous_92)","decl":{"start":{"line":905,"column":42},"end":{"line":905,"column":43}},"loc":{"start":{"line":905,"column":69},"end":{"line":911,"column":7}},"line":905},"93":{"name":"(anonymous_93)","decl":{"start":{"line":916,"column":12},"end":{"line":916,"column":13}},"loc":{"start":{"line":916,"column":41},"end":{"line":933,"column":5}},"line":916},"94":{"name":"(anonymous_94)","decl":{"start":{"line":927,"column":37},"end":{"line":927,"column":38}},"loc":{"start":{"line":927,"column":50},"end":{"line":930,"column":7}},"line":927},"95":{"name":"(anonymous_95)","decl":{"start":{"line":930,"column":13},"end":{"line":930,"column":14}},"loc":{"start":{"line":930,"column":26},"end":{"line":932,"column":7}},"line":930},"96":{"name":"(anonymous_96)","decl":{"start":{"line":937,"column":12},"end":{"line":937,"column":13}},"loc":{"start":{"line":937,"column":41},"end":{"line":958,"column":5}},"line":937},"97":{"name":"(anonymous_97)","decl":{"start":{"line":938,"column":43},"end":{"line":938,"column":44}},"loc":{"start":{"line":938,"column":56},"end":{"line":940,"column":7}},"line":938},"98":{"name":"(anonymous_98)","decl":{"start":{"line":940,"column":13},"end":{"line":940,"column":14}},"loc":{"start":{"line":940,"column":26},"end":{"line":942,"column":7}},"line":940},"99":{"name":"(anonymous_99)","decl":{"start":{"line":955,"column":13},"end":{"line":955,"column":14}},"loc":{"start":{"line":955,"column":26},"end":{"line":957,"column":9}},"line":955},"100":{"name":"(anonymous_100)","decl":{"start":{"line":962,"column":12},"end":{"line":962,"column":13}},"loc":{"start":{"line":962,"column":47},"end":{"line":971,"column":5}},"line":962},"101":{"name":"filter","decl":{"start":{"line":966,"column":15},"end":{"line":966,"column":21}},"loc":{"start":{"line":966,"column":26},"end":{"line":969,"column":7}},"line":966},"102":{"name":"(anonymous_102)","decl":{"start":{"line":975,"column":12},"end":{"line":975,"column":13}},"loc":{"start":{"line":975,"column":46},"end":{"line":982,"column":5}},"line":975},"103":{"name":"(anonymous_103)","decl":{"start":{"line":979,"column":13},"end":{"line":979,"column":14}},"loc":{"start":{"line":979,"column":26},"end":{"line":981,"column":9}},"line":979},"104":{"name":"(anonymous_104)","decl":{"start":{"line":986,"column":12},"end":{"line":986,"column":13}},"loc":{"start":{"line":986,"column":46},"end":{"line":997,"column":5}},"line":986},"105":{"name":"(anonymous_105)","decl":{"start":{"line":987,"column":43},"end":{"line":987,"column":44}},"loc":{"start":{"line":987,"column":56},"end":{"line":989,"column":7}},"line":987},"106":{"name":"(anonymous_106)","decl":{"start":{"line":989,"column":13},"end":{"line":989,"column":14}},"loc":{"start":{"line":989,"column":26},"end":{"line":991,"column":7}},"line":989},"107":{"name":"(anonymous_107)","decl":{"start":{"line":994,"column":13},"end":{"line":994,"column":14}},"loc":{"start":{"line":994,"column":26},"end":{"line":996,"column":9}},"line":994},"108":{"name":"(anonymous_108)","decl":{"start":{"line":1001,"column":12},"end":{"line":1001,"column":13}},"loc":{"start":{"line":1001,"column":52},"end":{"line":1012,"column":5}},"line":1001},"109":{"name":"(anonymous_109)","decl":{"start":{"line":1009,"column":13},"end":{"line":1009,"column":14}},"loc":{"start":{"line":1009,"column":26},"end":{"line":1011,"column":9}},"line":1009},"110":{"name":"(anonymous_110)","decl":{"start":{"line":1016,"column":12},"end":{"line":1016,"column":13}},"loc":{"start":{"line":1016,"column":24},"end":{"line":1018,"column":5}},"line":1016},"111":{"name":"(anonymous_111)","decl":{"start":{"line":1022,"column":12},"end":{"line":1022,"column":13}},"loc":{"start":{"line":1022,"column":24},"end":{"line":1024,"column":5}},"line":1022},"112":{"name":"(anonymous_112)","decl":{"start":{"line":1028,"column":12},"end":{"line":1028,"column":13}},"loc":{"start":{"line":1028,"column":40},"end":{"line":1036,"column":5}},"line":1028},"113":{"name":"(anonymous_113)","decl":{"start":{"line":1040,"column":12},"end":{"line":1040,"column":13}},"loc":{"start":{"line":1040,"column":40},"end":{"line":1056,"column":5}},"line":1040},"114":{"name":"(anonymous_114)","decl":{"start":{"line":1041,"column":43},"end":{"line":1041,"column":44}},"loc":{"start":{"line":1041,"column":56},"end":{"line":1043,"column":7}},"line":1041},"115":{"name":"(anonymous_115)","decl":{"start":{"line":1044,"column":40},"end":{"line":1044,"column":41}},"loc":{"start":{"line":1044,"column":53},"end":{"line":1046,"column":7}},"line":1044},"116":{"name":"(anonymous_116)","decl":{"start":{"line":1060,"column":12},"end":{"line":1060,"column":13}},"loc":{"start":{"line":1060,"column":31},"end":{"line":1062,"column":5}},"line":1060},"117":{"name":"(anonymous_117)","decl":{"start":{"line":1066,"column":12},"end":{"line":1066,"column":13}},"loc":{"start":{"line":1066,"column":31},"end":{"line":1076,"column":5}},"line":1066},"118":{"name":"(anonymous_118)","decl":{"start":{"line":1068,"column":46},"end":{"line":1068,"column":47}},"loc":{"start":{"line":1068,"column":61},"end":{"line":1072,"column":7}},"line":1068},"119":{"name":"(anonymous_119)","decl":{"start":{"line":1072,"column":13},"end":{"line":1072,"column":14}},"loc":{"start":{"line":1072,"column":28},"end":{"line":1074,"column":7}},"line":1072},"120":{"name":"(anonymous_120)","decl":{"start":{"line":1080,"column":12},"end":{"line":1080,"column":13}},"loc":{"start":{"line":1080,"column":24},"end":{"line":1082,"column":5}},"line":1080},"121":{"name":"(anonymous_121)","decl":{"start":{"line":1086,"column":12},"end":{"line":1086,"column":13}},"loc":{"start":{"line":1086,"column":24},"end":{"line":1088,"column":5}},"line":1086},"122":{"name":"(anonymous_122)","decl":{"start":{"line":1092,"column":12},"end":{"line":1092,"column":13}},"loc":{"start":{"line":1092,"column":46},"end":{"line":1115,"column":5}},"line":1092},"123":{"name":"(anonymous_123)","decl":{"start":{"line":1119,"column":12},"end":{"line":1119,"column":13}},"loc":{"start":{"line":1119,"column":37},"end":{"line":1121,"column":5}},"line":1119},"124":{"name":"(anonymous_124)","decl":{"start":{"line":1125,"column":12},"end":{"line":1125,"column":13}},"loc":{"start":{"line":1125,"column":31},"end":{"line":1127,"column":5}},"line":1125},"125":{"name":"(anonymous_125)","decl":{"start":{"line":1131,"column":12},"end":{"line":1131,"column":13}},"loc":{"start":{"line":1131,"column":31},"end":{"line":1140,"column":5}},"line":1131},"126":{"name":"(anonymous_126)","decl":{"start":{"line":1144,"column":12},"end":{"line":1144,"column":13}},"loc":{"start":{"line":1144,"column":37},"end":{"line":1151,"column":5}},"line":1144},"127":{"name":"(anonymous_127)","decl":{"start":{"line":1157,"column":1},"end":{"line":1157,"column":2}},"loc":{"start":{"line":1157,"column":13},"end":{"line":1181,"column":1}},"line":1157}},"branchMap":{"0":{"loc":{"start":{"line":35,"column":2},"end":{"line":40,"column":3}},"type":"if","locations":[{"start":{"line":35,"column":2},"end":{"line":40,"column":3}},{"start":{"line":35,"column":2},"end":{"line":40,"column":3}}],"line":35},"1":{"loc":{"start":{"line":55,"column":2},"end":{"line":55,"column":38}},"type":"if","locations":[{"start":{"line":55,"column":2},"end":{"line":55,"column":38}},{"start":{"line":55,"column":2},"end":{"line":55,"column":38}}],"line":55},"2":{"loc":{"start":{"line":58,"column":2},"end":{"line":60,"column":3}},"type":"if","locations":[{"start":{"line":58,"column":2},"end":{"line":60,"column":3}},{"start":{"line":58,"column":2},"end":{"line":60,"column":3}}],"line":58},"3":{"loc":{"start":{"line":63,"column":4},"end":{"line":63,"column":46}},"type":"if","locations":[{"start":{"line":63,"column":4},"end":{"line":63,"column":46}},{"start":{"line":63,"column":4},"end":{"line":63,"column":46}}],"line":63},"4":{"loc":{"start":{"line":71,"column":2},"end":{"line":77,"column":3}},"type":"if","locations":[{"start":{"line":71,"column":2},"end":{"line":77,"column":3}},{"start":{"line":71,"column":2},"end":{"line":77,"column":3}}],"line":71},"5":{"loc":{"start":{"line":73,"column":6},"end":{"line":75,"column":7}},"type":"if","locations":[{"start":{"line":73,"column":6},"end":{"line":75,"column":7}},{"start":{"line":73,"column":6},"end":{"line":75,"column":7}}],"line":73},"6":{"loc":{"start":{"line":91,"column":2},"end":{"line":107,"column":3}},"type":"if","locations":[{"start":{"line":91,"column":2},"end":{"line":107,"column":3}},{"start":{"line":91,"column":2},"end":{"line":107,"column":3}}],"line":91},"7":{"loc":{"start":{"line":95,"column":9},"end":{"line":107,"column":3}},"type":"if","locations":[{"start":{"line":95,"column":9},"end":{"line":107,"column":3}},{"start":{"line":95,"column":9},"end":{"line":107,"column":3}}],"line":95},"8":{"loc":{"start":{"line":99,"column":9},"end":{"line":107,"column":3}},"type":"if","locations":[{"start":{"line":99,"column":9},"end":{"line":107,"column":3}},{"start":{"line":99,"column":9},"end":{"line":107,"column":3}}],"line":99},"9":{"loc":{"start":{"line":112,"column":15},"end":{"line":112,"column":30}},"type":"binary-expr","locations":[{"start":{"line":112,"column":15},"end":{"line":112,"column":25}},{"start":{"line":112,"column":29},"end":{"line":112,"column":30}}],"line":112},"10":{"loc":{"start":{"line":113,"column":15},"end":{"line":113,"column":30}},"type":"binary-expr","locations":[{"start":{"line":113,"column":15},"end":{"line":113,"column":25}},{"start":{"line":113,"column":29},"end":{"line":113,"column":30}}],"line":113},"11":{"loc":{"start":{"line":114,"column":2},"end":{"line":134,"column":3}},"type":"if","locations":[{"start":{"line":114,"column":2},"end":{"line":134,"column":3}},{"start":{"line":114,"column":2},"end":{"line":134,"column":3}}],"line":114},"12":{"loc":{"start":{"line":119,"column":9},"end":{"line":134,"column":3}},"type":"if","locations":[{"start":{"line":119,"column":9},"end":{"line":134,"column":3}},{"start":{"line":119,"column":9},"end":{"line":134,"column":3}}],"line":119},"13":{"loc":{"start":{"line":124,"column":9},"end":{"line":134,"column":3}},"type":"if","locations":[{"start":{"line":124,"column":9},"end":{"line":134,"column":3}},{"start":{"line":124,"column":9},"end":{"line":134,"column":3}}],"line":124},"14":{"loc":{"start":{"line":142,"column":2},"end":{"line":142,"column":22}},"type":"if","locations":[{"start":{"line":142,"column":2},"end":{"line":142,"column":22}},{"start":{"line":142,"column":2},"end":{"line":142,"column":22}}],"line":142},"15":{"loc":{"start":{"line":143,"column":2},"end":{"line":143,"column":22}},"type":"if","locations":[{"start":{"line":143,"column":2},"end":{"line":143,"column":22}},{"start":{"line":143,"column":2},"end":{"line":143,"column":22}}],"line":143},"16":{"loc":{"start":{"line":149,"column":4},"end":{"line":151,"column":57}},"type":"binary-expr","locations":[{"start":{"line":149,"column":4},"end":{"line":149,"column":43}},{"start":{"line":150,"column":4},"end":{"line":150,"column":57}},{"start":{"line":151,"column":4},"end":{"line":151,"column":57}}],"line":149},"17":{"loc":{"start":{"line":150,"column":21},"end":{"line":150,"column":32}},"type":"binary-expr","locations":[{"start":{"line":150,"column":21},"end":{"line":150,"column":25}},{"start":{"line":150,"column":29},"end":{"line":150,"column":32}}],"line":150},"18":{"loc":{"start":{"line":150,"column":44},"end":{"line":150,"column":55}},"type":"binary-expr","locations":[{"start":{"line":150,"column":44},"end":{"line":150,"column":48}},{"start":{"line":150,"column":52},"end":{"line":150,"column":55}}],"line":150},"19":{"loc":{"start":{"line":151,"column":21},"end":{"line":151,"column":32}},"type":"binary-expr","locations":[{"start":{"line":151,"column":21},"end":{"line":151,"column":25}},{"start":{"line":151,"column":29},"end":{"line":151,"column":32}}],"line":151},"20":{"loc":{"start":{"line":151,"column":44},"end":{"line":151,"column":55}},"type":"binary-expr","locations":[{"start":{"line":151,"column":44},"end":{"line":151,"column":48}},{"start":{"line":151,"column":52},"end":{"line":151,"column":55}}],"line":151},"21":{"loc":{"start":{"line":158,"column":2},"end":{"line":160,"column":3}},"type":"if","locations":[{"start":{"line":158,"column":2},"end":{"line":160,"column":3}},{"start":{"line":158,"column":2},"end":{"line":160,"column":3}}],"line":158},"22":{"loc":{"start":{"line":163,"column":2},"end":{"line":175,"column":3}},"type":"switch","locations":[{"start":{"line":164,"column":4},"end":{"line":168,"column":7}},{"start":{"line":169,"column":4},"end":{"line":169,"column":12}},{"start":{"line":170,"column":4},"end":{"line":174,"column":7}}],"line":163},"23":{"loc":{"start":{"line":180,"column":2},"end":{"line":182,"column":3}},"type":"if","locations":[{"start":{"line":180,"column":2},"end":{"line":182,"column":3}},{"start":{"line":180,"column":2},"end":{"line":182,"column":3}}],"line":180},"24":{"loc":{"start":{"line":181,"column":11},"end":{"line":181,"column":42}},"type":"cond-expr","locations":[{"start":{"line":181,"column":35},"end":{"line":181,"column":37}},{"start":{"line":181,"column":40},"end":{"line":181,"column":42}}],"line":181},"25":{"loc":{"start":{"line":183,"column":2},"end":{"line":185,"column":3}},"type":"if","locations":[{"start":{"line":183,"column":2},"end":{"line":185,"column":3}},{"start":{"line":183,"column":2},"end":{"line":185,"column":3}}],"line":183},"26":{"loc":{"start":{"line":186,"column":2},"end":{"line":188,"column":3}},"type":"if","locations":[{"start":{"line":186,"column":2},"end":{"line":188,"column":3}},{"start":{"line":186,"column":2},"end":{"line":188,"column":3}}],"line":186},"27":{"loc":{"start":{"line":187,"column":11},"end":{"line":187,"column":42}},"type":"cond-expr","locations":[{"start":{"line":187,"column":35},"end":{"line":187,"column":37}},{"start":{"line":187,"column":40},"end":{"line":187,"column":42}}],"line":187},"28":{"loc":{"start":{"line":193,"column":2},"end":{"line":199,"column":3}},"type":"if","locations":[{"start":{"line":193,"column":2},"end":{"line":199,"column":3}},{"start":{"line":193,"column":2},"end":{"line":199,"column":3}}],"line":193},"29":{"loc":{"start":{"line":195,"column":9},"end":{"line":199,"column":3}},"type":"if","locations":[{"start":{"line":195,"column":9},"end":{"line":199,"column":3}},{"start":{"line":195,"column":9},"end":{"line":199,"column":3}}],"line":195},"30":{"loc":{"start":{"line":204,"column":2},"end":{"line":210,"column":3}},"type":"if","locations":[{"start":{"line":204,"column":2},"end":{"line":210,"column":3}},{"start":{"line":204,"column":2},"end":{"line":210,"column":3}}],"line":204},"31":{"loc":{"start":{"line":206,"column":9},"end":{"line":210,"column":3}},"type":"if","locations":[{"start":{"line":206,"column":9},"end":{"line":210,"column":3}},{"start":{"line":206,"column":9},"end":{"line":210,"column":3}}],"line":206},"32":{"loc":{"start":{"line":217,"column":4},"end":{"line":217,"column":30}},"type":"if","locations":[{"start":{"line":217,"column":4},"end":{"line":217,"column":30}},{"start":{"line":217,"column":4},"end":{"line":217,"column":30}}],"line":217},"33":{"loc":{"start":{"line":236,"column":11},"end":{"line":236,"column":22}},"type":"binary-expr","locations":[{"start":{"line":236,"column":11},"end":{"line":236,"column":17}},{"start":{"line":236,"column":21},"end":{"line":236,"column":22}}],"line":236},"34":{"loc":{"start":{"line":239,"column":11},"end":{"line":239,"column":22}},"type":"binary-expr","locations":[{"start":{"line":239,"column":11},"end":{"line":239,"column":17}},{"start":{"line":239,"column":21},"end":{"line":239,"column":22}}],"line":239},"35":{"loc":{"start":{"line":243,"column":14},"end":{"line":243,"column":25}},"type":"binary-expr","locations":[{"start":{"line":243,"column":14},"end":{"line":243,"column":20}},{"start":{"line":243,"column":24},"end":{"line":243,"column":25}}],"line":243},"36":{"loc":{"start":{"line":251,"column":9},"end":{"line":251,"column":43}},"type":"binary-expr","locations":[{"start":{"line":251,"column":9},"end":{"line":251,"column":35}},{"start":{"line":251,"column":39},"end":{"line":251,"column":43}}],"line":251},"37":{"loc":{"start":{"line":252,"column":2},"end":{"line":264,"column":3}},"type":"if","locations":[{"start":{"line":252,"column":2},"end":{"line":264,"column":3}},{"start":{"line":252,"column":2},"end":{"line":264,"column":3}}],"line":252},"38":{"loc":{"start":{"line":252,"column":6},"end":{"line":252,"column":64}},"type":"binary-expr","locations":[{"start":{"line":252,"column":6},"end":{"line":252,"column":29}},{"start":{"line":252,"column":33},"end":{"line":252,"column":64}}],"line":252},"39":{"loc":{"start":{"line":254,"column":4},"end":{"line":263,"column":5}},"type":"if","locations":[{"start":{"line":254,"column":4},"end":{"line":263,"column":5}},{"start":{"line":254,"column":4},"end":{"line":263,"column":5}}],"line":254},"40":{"loc":{"start":{"line":259,"column":6},"end":{"line":261,"column":7}},"type":"if","locations":[{"start":{"line":259,"column":6},"end":{"line":261,"column":7}},{"start":{"line":259,"column":6},"end":{"line":261,"column":7}}],"line":259},"41":{"loc":{"start":{"line":284,"column":2},"end":{"line":284,"column":67}},"type":"if","locations":[{"start":{"line":284,"column":2},"end":{"line":284,"column":67}},{"start":{"line":284,"column":2},"end":{"line":284,"column":67}}],"line":284},"42":{"loc":{"start":{"line":296,"column":2},"end":{"line":296,"column":42}},"type":"if","locations":[{"start":{"line":296,"column":2},"end":{"line":296,"column":42}},{"start":{"line":296,"column":2},"end":{"line":296,"column":42}}],"line":296},"43":{"loc":{"start":{"line":300,"column":2},"end":{"line":304,"column":3}},"type":"if","locations":[{"start":{"line":300,"column":2},"end":{"line":304,"column":3}},{"start":{"line":300,"column":2},"end":{"line":304,"column":3}}],"line":300},"44":{"loc":{"start":{"line":316,"column":2},"end":{"line":320,"column":3}},"type":"if","locations":[{"start":{"line":316,"column":2},"end":{"line":320,"column":3}},{"start":{"line":316,"column":2},"end":{"line":320,"column":3}}],"line":316},"45":{"loc":{"start":{"line":326,"column":4},"end":{"line":333,"column":5}},"type":"if","locations":[{"start":{"line":326,"column":4},"end":{"line":333,"column":5}},{"start":{"line":326,"column":4},"end":{"line":333,"column":5}}],"line":326},"46":{"loc":{"start":{"line":327,"column":6},"end":{"line":331,"column":7}},"type":"if","locations":[{"start":{"line":327,"column":6},"end":{"line":331,"column":7}},{"start":{"line":327,"column":6},"end":{"line":331,"column":7}}],"line":327},"47":{"loc":{"start":{"line":338,"column":6},"end":{"line":374,"column":7}},"type":"if","locations":[{"start":{"line":338,"column":6},"end":{"line":374,"column":7}},{"start":{"line":338,"column":6},"end":{"line":374,"column":7}}],"line":338},"48":{"loc":{"start":{"line":342,"column":10},"end":{"line":346,"column":11}},"type":"if","locations":[{"start":{"line":342,"column":10},"end":{"line":346,"column":11}},{"start":{"line":342,"column":10},"end":{"line":346,"column":11}}],"line":342},"49":{"loc":{"start":{"line":349,"column":8},"end":{"line":372,"column":9}},"type":"switch","locations":[{"start":{"line":350,"column":10},"e
[...]
:177,"column":4},"end":{"line":179,"column":5}}],"line":177},"36":{"loc":{"start":{"line":177,"column":8},"end":{"line":177,"column":74}},"type":"binary-expr","locations":[{"start":{"line":177,"column":8},"end":{"line":177,"column":28}},{"start":{"line":177,"column":32},"end":{"line":177,"column":74}}],"line":177},"37":{"loc":{"start":{"line":192,"column":4},"end":{"line":201,"column":5}},"type":"if","locations":[{"start":{"line":192,"column":4},"end":{"line":201,"column":5}},{"start":{"line":192,"column":4},"end":{"line":201,"column":5}}],"line":192},"38":{"loc":{"start":{"line":194,"column":11},"end":{"line":201,"column":5}},"type":"if","locations":[{"start":{"line":194,"column":11},"end":{"line":201,"column":5}},{"start":{"line":194,"column":11},"end":{"line":201,"column":5}}],"line":194},"39":{"loc":{"start":{"line":196,"column":11},"end":{"line":201,"column":5}},"type":"if","locations":[{"start":{"line":196,"column":11},"end":{"line":201,"column":5}},{"start":{"line":196,"column":11},"end":{"line":201,"column":5}}],"line":196},"40":{"loc":{"start":{"line":196,"column":15},"end":{"line":196,"column":57}},"type":"binary-expr","locations":[{"start":{"line":196,"column":15},"end":{"line":196,"column":24}},{"start":{"line":196,"column":28},"end":{"line":196,"column":40}},{"start":{"line":196,"column":44},"end":{"line":196,"column":57}}],"line":196},"41":{"loc":{"start":{"line":199,"column":15},"end":{"line":199,"column":46}},"type":"cond-expr","locations":[{"start":{"line":199,"column":30},"end":{"line":199,"column":34}},{"start":{"line":199,"column":37},"end":{"line":199,"column":46}}],"line":199},"42":{"loc":{"start":{"line":202,"column":4},"end":{"line":208,"column":5}},"type":"if","locations":[{"start":{"line":202,"column":4},"end":{"line":208,"column":5}},{"start":{"line":202,"column":4},"end":{"line":208,"column":5}}],"line":202},"43":{"loc":{"start":{"line":213,"column":4},"end":{"line":226,"column":5}},"type":"if","locations":[{"start":{"line":213,"column":4},"end":{"line":226,"column":5}},{"start":{"line":213,"column":4},"end":{"line":226,"column":5}}],"line":213},"44":{"loc":{"start":{"line":215,"column":11},"end":{"line":226,"column":5}},"type":"if","locations":[{"start":{"line":215,"column":11},"end":{"line":226,"column":5}},{"start":{"line":215,"column":11},"end":{"line":226,"column":5}}],"line":215},"45":{"loc":{"start":{"line":215,"column":15},"end":{"line":215,"column":61}},"type":"binary-expr","locations":[{"start":{"line":215,"column":15},"end":{"line":215,"column":26}},{"start":{"line":215,"column":30},"end":{"line":215,"column":61}}],"line":215},"46":{"loc":{"start":{"line":216,"column":17},"end":{"line":216,"column":63}},"type":"binary-expr","locations":[{"start":{"line":216,"column":17},"end":{"line":216,"column":28}},{"start":{"line":216,"column":32},"end":{"line":216,"column":63}}],"line":216},"47":{"loc":{"start":{"line":217,"column":6},"end":{"line":221,"column":7}},"type":"if","locations":[{"start":{"line":217,"column":6},"end":{"line":221,"column":7}},{"start":{"line":217,"column":6},"end":{"line":221,"column":7}}],"line":217},"48":{"loc":{"start":{"line":222,"column":11},"end":{"line":226,"column":5}},"type":"if","locations":[{"start":{"line":222,"column":11},"end":{"line":226,"column":5}},{"start":{"line":222,"column":11},"end":{"line":226,"column":5}}],"line":222},"49":{"loc":{"start":{"line":231,"column":4},"end":{"line":242,"column":5}},"type":"if","locations":[{"start":{"line":231,"column":4},"end":{"line":242,"column":5}},{"start":{"line":231,"column":4},"end":{"line":242,"column":5}}],"line":231},"50":{"loc":{"start":{"line":247,"column":4},"end":{"line":247,"column":30}},"type":"if","locations":[{"start":{"line":247,"column":4},"end":{"line":247,"column":30}},{"start":{"line":247,"column":4},"end":{"line":247,"column":30}}],"line":247},"51":{"loc":{"start":{"line":274,"column":8},"end":{"line":288,"column":9}},"type":"if","locations":[{"start":{"line":274,"column":8},"end":{"line":288,"column":9}},{"start":{"line":274,"column":8},"end":{"line":288,"column":9}}],"line":274},"52":{"loc":{"start":{"line":277,"column":12},"end":{"line":281,"column":13}},"type":"if","locations":[{"start":{"line":277,"column":12},"end":{"line":281,"column":13}},{"start":{"line":277,"column":12},"end":{"line":281,"column":13}}],"line":277},"53":{"loc":{"start":{"line":295,"column":4},"end":{"line":297,"column":5}},"type":"if","locations":[{"start":{"line":295,"column":4},"end":{"line":297,"column":5}},{"start":{"line":295,"column":4},"end":{"line":297,"column":5}}],"line":295},"54":{"loc":{"start":{"line":306,"column":6},"end":{"line":308,"column":7}},"type":"if","locations":[{"start":{"line":306,"column":6},"end":{"line":308,"column":7}},{"start":{"line":306,"column":6},"end":{"line":308,"column":7}}],"line":306},"55":{"loc":{"start":{"line":317,"column":6},"end":{"line":326,"column":7}},"type":"if","locations":[{"start":{"line":317,"column":6},"end":{"line":326,"column":7}},{"start":{"line":317,"column":6},"end":{"line":326,"column":7}}],"line":317},"56":{"loc":{"start":{"line":321,"column":10},"end":{"line":321,"column":53}},"type":"if","locations":[{"start":{"line":321,"column":10},"end":{"line":321,"column":53}},{"start":{"line":321,"column":10},"end":{"line":321,"column":53}}],"line":321},"57":{"loc":{"start":{"line":328,"column":6},"end":{"line":346,"column":7}},"type":"if","locations":[{"start":{"line":328,"column":6},"end":{"line":346,"column":7}},{"start":{"line":328,"column":6},"end":{"line":346,"column":7}}],"line":328},"58":{"loc":{"start":{"line":328,"column":10},"end":{"line":328,"column":43}},"type":"binary-expr","locations":[{"start":{"line":328,"column":10},"end":{"line":328,"column":24}},{"start":{"line":328,"column":28},"end":{"line":328,"column":43}}],"line":328},"59":{"loc":{"start":{"line":332,"column":13},"end":{"line":346,"column":7}},"type":"if","locations":[{"start":{"line":332,"column":13},"end":{"line":346,"column":7}},{"start":{"line":332,"column":13},"end":{"line":346,"column":7}}],"line":332},"60":{"loc":{"start":{"line":332,"column":17},"end":{"line":332,"column":46}},"type":"binary-expr","locations":[{"start":{"line":332,"column":17},"end":{"line":332,"column":27}},{"start":{"line":332,"column":31},"end":{"line":332,"column":46}}],"line":332},"61":{"loc":{"start":{"line":336,"column":13},"end":{"line":346,"column":7}},"type":"if","locations":[{"start":{"line":336,"column":13},"end":{"line":346,"column":7}},{"start":{"line":336,"column":13},"end":{"line":346,"column":7}}],"line":336},"62":{"loc":{"start":{"line":336,"column":17},"end":{"line":336,"column":45}},"type":"binary-expr","locations":[{"start":{"line":336,"column":17},"end":{"line":336,"column":31}},{"start":{"line":336,"column":35},"end":{"line":336,"column":45}}],"line":336},"63":{"loc":{"start":{"line":340,"column":13},"end":{"line":346,"column":7}},"type":"if","locations":[{"start":{"line":340,"column":13},"end":{"line":346,"column":7}},{"start":{"line":340,"column":13},"end":{"line":346,"column":7}}],"line":340},"64":{"loc":{"start":{"line":342,"column":13},"end":{"line":346,"column":7}},"type":"if","locations":[{"start":{"line":342,"column":13},"end":{"line":346,"column":7}},{"start":{"line":342,"column":13},"end":{"line":346,"column":7}}],"line":342},"65":{"loc":{"start":{"line":348,"column":4},"end":{"line":352,"column":5}},"type":"if","locations":[{"start":{"line":348,"column":4},"end":{"line":352,"column":5}},{"start":{"line":348,"column":4},"end":{"line":352,"column":5}}],"line":348},"66":{"loc":{"start":{"line":365,"column":4},"end":{"line":365,"column":31}},"type":"if","locations":[{"start":{"line":365,"column":4},"end":{"line":365,"column":31}},{"start":{"line":365,"column":4},"end":{"line":365,"column":31}}],"line":365},"67":{"loc":{"start":{"line":367,"column":4},"end":{"line":367,"column":56}},"type":"if","locations":[{"start":{"line":367,"column":4},"end":{"line":367,"column":56}},{"start":{"line":367,"column":4},"end":{"line":367,"column":56}}],"line":367},"68":{"loc":{"start":{"line":372,"column":4},"end":{"line":380,"column":5}},"type":"if","locations":[{"start":{"line":372,"column":4},"end":{"line":380,"column":5}},{"start":{"line":372,"column":4},"end":{"line":380,"column":5}}],"line":372},"69":{"loc":{"start":{"line":372,"column":8},"end":{"line":372,"column":44}},"type":"binary-expr","locations":[{"start":{"line":372,"column":8},"end":{"line":372,"column":20}},{"start":{"line":372,"column":24},"end":{"line":372,"column":44}}],"line":372}},"s":{"0":30,"1":30,"2":30,"3":30,"4":30,"5":30,"6":30,"7":30,"8":30,"9":30,"10":30,"11":30,"12":30,"13":0,"14":0,"15":0,"16":0,"17":0,"18":0,"19":0,"20":6,"21":0,"22":6,"23":6,"24":6,"25":6,"26":1,"27":1,"28":1,"29":5,"30":5,"31":0,"32":1,"33":0,"34":0,"35":0,"36":0,"37":0,"38":0,"39":0,"40":0,"41":0,"42":0,"43":0,"44":0,"45":0,"46":0,"47":0,"48":0,"49":0,"50":0,"51":0,"52":0,"53":0,"54":0,"55":0,"56":0,"57":0,"58":0,"59":1,"60":1,"61":19,"62":19,"63":331,"64":20,"65":1,"66":1,"67":0,"68":1,"69":1,"70":0,"71":0,"72":0,"73":0,"74":0,"75":0,"76":0,"77":0,"78":0,"79":0,"80":0,"81":0,"82":0,"83":0,"84":0,"85":30,"86":0,"87":0,"88":0,"89":0,"90":0,"91":0,"92":0,"93":0,"94":0,"95":0,"96":0,"97":0,"98":0,"99":0,"100":0,"101":1,"102":0,"103":1,"104":0,"105":1,"106":1,"107":5,"108":5,"109":1,"110":0,"111":0,"112":0,"113":1,"114":0,"115":0,"116":0,"117":0,"118":0,"119":0,"120":0,"121":0,"122":0,"123":0,"124":0,"125":0,"126":0,"127":0,"128":0,"129":0,"130":0,"131":0,"132":0,"133":0,"134":0,"135":0,"136":0,"137":0,"138":0,"139":0,"140":0,"141":0,"142":0,"143":0,"144":0,"145":0,"146":0,"147":0,"148":0,"149":0,"150":0,"151":0,"152":0,"153":0,"154":0,"155":0,"156":0,"157":0,"158":0,"159":0,"160":0,"161":0,"162":0,"163":0,"164":0,"165":0,"166":0,"167":0,"168":0,"169":0,"170":0,"171":0,"172":0,"173":0,"174":0,"175":0,"176":0,"177":0,"178":0,"179":0,"180":0,"181":0,"182":0,"183":0,"184":0,"185":0,"186":0,"187":0,"188":0,"189":0,"190":0,"191":0,"192":0,"193":1,"194":0,"195":1,"196":1,"197":0,"198":1,"199":1,"200":1,"201":0,"202":0},"f":{"0":0,"1":6,"2":1,"3":0,"4":0,"5":0,"6":1,"7":1,"8":0,"9":0,"10":0,"11":1,"12":5,"13":0,"14":0,"15":0,"16":0,"17":0,"18":0,"19":0,"20":0,"21":0,"22":0,"23":0,"24":0,"25":0,"26":0,"27":1,"28":0},"b":{"0":[0,0],"1":[0,0],"2":[0,0],"3":[0,0],"4":[0,6],"5":[6,1],"6":[6,0],"7":[0,1],"8":[0,5],"9":[0,0],"10":[0,0],"11":[0,0],"12":[0,0],"13":[0,0],"14":[0,0],"15":[0,0],"16":[0,0],"17":[0,0],"18":[0,0],"19":[0,0],"20":[0,0],"21":[19,0],"22":[20,311],"23":[0,1],"24":[1,0],"25":[1,0],"26":[0,0],"27":[0,0,0],"28":[0,0],"29":[0,0],"30":[0,0],"31":[0,0],"32":[0,0],"33":[0,0],"34":[0,0],"35":[0,0],"36":[0,0],"37":[0,1],"38":[0,1],"39":[1,0],"40":[1,1,1],"41":[0,5],"42":[0,1],"43":[0,0],"44":[0,0],"45":[0,0],"46":[0,0],"47":[0,0],"48":[0,0],"49":[0,0],"50":[0,0],"51":[0,0],"52":[0,0],"53":[0,0],"54":[0,0],"55":[0,0],"56":[0,0],"57":[0,0],"58":[0,0],"59":[0,0],"60":[0,0],"61":[0,0],"62":[0,0],"63":[0,0],"64":[0,0],"65":[0,0],"66":[0,1],"67":[0,1],"68":[0,1],"69":[1,1]},"_coverageSchema":"1a1c01bbd47fc00a2c39e90264f33305004495a9","hash":"5a63c62b426389cba357638381fd8984b7d69476"}
,"C:\\Users\\Mac\\github\\browserslist\\update-db.js": {"path":"C:\\Users\\Mac\\github\\browserslist\\update-db.js","statementMap":{"0":{"start":{"line":1,"column":19},"end":{"line":1,"column":43}},"1":{"start":{"line":2,"column":15},"end":{"line":2,"column":39}},"2":{"start":{"line":3,"column":11},"end":{"line":3,"column":26}},"3":{"start":{"line":4,"column":9},"end":{"line":4,"column":22}},"4":{"start":{"line":6,"column":24},"end":{"line":6,"column":42}},"5":{"start":{"line":9,"column":19},"end":{"line":11,"column":4}},"6":{"start":{"line":10,"column":4},"end":{"line":10,"column":58}},"7":{"start":{"line":13,"column":2},"end":{"line":18,"column":3}},"8":{"start":{"line":14,"column":4},"end":{"line":17,"column":5}},"9":{"start":{"line":20,"column":20},"end":{"line":20,"column":62}},"10":{"start":{"line":21,"column":21},"end":{"line":21,"column":55}},"11":{"start":{"line":22,"column":21},"end":{"line":22,"column":60}},"12":{"start":{"line":41,"column":2},"end":{"line":52,"column":3}},"13":{"start":{"line":44,"column":9},"end":{"line":52,"column":3}},"14":{"start":{"line":45,"column":23},"end":{"line":45,"column":60}},"15":{"start":{"line":46,"column":4},"end":{"line":48,"column":5}},"16":{"start":{"line":47,"column":6},"end":{"line":47,"column":49}},"17":{"start":{"line":49,"column":9},"end":{"line":52,"column":3}},"18":{"start":{"line":50,"column":4},"end":{"line":50,"column":76}},"19":{"start":{"line":51,"column":4},"end":{"line":51,"column":33}},"20":{"start":{"line":51,"column":18},"end":{"line":51,"column":33}},"21":{"start":{"line":53,"column":2},"end":{"line":53,"column":13}},"22":{"start":{"line":57,"column":2},"end":{"line":59,"column":3}},"23":{"start":{"line":63,"column":2},"end":{"line":104,"column":3}},"24":{"start":{"line":64,"column":16},"end":{"line":64,"column":55}},"25":{"start":{"line":65,"column":4},"end":{"line":65,"column":44}},"26":{"start":{"line":67,"column":16},"end":{"line":67,"column":40}},"27":{"start":{"line":70,"column":4},"end":{"line":102,"column":5}},"28":{"start":{"line":87,"column":11},"end":{"line":102,"column":5}},"29":{"start":{"line":88,"column":6},"end":{"line":101,"column":7}},"30":{"start":{"line":89,"column":8},"end":{"line":100,"column":9}},"31":{"start":{"line":90,"column":10},"end":{"line":92,"column":11}},"32":{"start":{"line":93,"column":10},"end":{"line":95,"column":11}},"33":{"start":{"line":96,"column":10},"end":{"line":98,"column":11}},"34":{"start":{"line":99,"column":10},"end":{"line":99,"column":16}},"35":{"start":{"line":103,"column":4},"end":{"line":103,"column":27}},"36":{"start":{"line":108,"column":2},"end":{"line":113,"column":3}},"37":{"start":{"line":109,"column":4},"end":{"line":109,"column":44}},"38":{"start":{"line":110,"column":4},"end":{"line":112,"column":5}},"39":{"start":{"line":111,"column":6},"end":{"line":111,"column":64}},"40":{"start":{"line":114,"column":2},"end":{"line":114,"column":13}},"41":{"start":{"line":117,"column":0},"end":{"line":136,"column":1}},"42":{"start":{"line":118,"column":13},"end":{"line":118,"column":29}},"43":{"start":{"line":119,"column":2},"end":{"line":119,"column":54}},"44":{"start":{"line":121,"column":16},"end":{"line":121,"column":39}},"45":{"start":{"line":122,"column":15},"end":{"line":122,"column":30}},"46":{"start":{"line":124,"column":2},"end":{"line":126,"column":3}},"47":{"start":{"line":125,"column":4},"end":{"line":125,"column":47}},"48":{"start":{"line":127,"column":2},"end":{"line":130,"column":3}},"49":{"start":{"line":132,"column":2},"end":{"line":132,"column":59}},"50":{"start":{"line":133,"column":2},"end":{"line":133,"column":47}},"51":{"start":{"line":135,"column":2},"end":{"line":135,"column":53}}},"fnMap":{"0":{"name":"detectLockfile","decl":{"start":{"line":8,"column":9},"end":{"line":8,"column":23}},"loc":{"start":{"line":8,"column":27},"end":{"line":36,"column":1}},"line":8},"1":{"name":"(anonymous_1)","decl":{"start":{"line":9,"column":33},"end":{"line":9,"column":34}},"loc":{"start":{"line":9,"column":55},"end":{"line":11,"column":3}},"line":9},"2":{"name":"getCurrentVersion","decl":{"start":{"line":38,"column":9},"end":{"line":38,"column":26}},"loc":{"start":{"line":38,"column":34},"end":{"line":54,"column":1}},"line":38},"3":{"name":"getLatestInfo","decl":{"start":{"line":56,"column":9},"end":{"line":56,"column":22}},"loc":{"start":{"line":56,"column":26},"end":{"line":60,"column":1}},"line":56},"4":{"name":"updateLockfile","decl":{"start":{"line":62,"column":9},"end":{"line":62,"column":23}},"loc":{"start":{"line":62,"column":39},"end":{"line":105,"column":1}},"line":62},"5":{"name":"deletePackage","decl":{"start":{"line":107,"column":9},"end":{"line":107,"column":22}},"loc":{"start":{"line":107,"column":30},"end":{"line":115,"column":1}},"line":107},"6":{"name":"updateDB","decl":{"start":{"line":117,"column":26},"end":{"line":117,"column":34}},"loc":{"start":{"line":117,"column":43},"end":{"line":136,"column":1}},"line":117}},"branchMap":{"0":{"loc":{"start":{"line":10,"column":11},"end":{"line":10,"column":58}},"type":"cond-expr","locations":[{"start":{"line":10,"column":50},"end":{"line":10,"column":53}},{"start":{"line":10,"column":56},"end":{"line":10,"column":58}}],"line":10},"1":{"loc":{"start":{"line":13,"column":2},"end":{"line":18,"column":3}},"type":"if","locations":[{"start":{"line":13,"column":2},"end":{"line":18,"column":3}},{"start":{"line":13,"column":2},"end":{"line":18,"column":3}}],"line":13},"2":{"loc":{"start":{"line":41,"column":2},"end":{"line":52,"column":3}},"type":"if","locations":[{"start":{"line":41,"column":2},"end":{"line":52,"column":3}}],"line":41},"3":{"loc":{"start":{"line":44,"column":9},"end":{"line":52,"column":3}},"type":"if","locations":[{"start":{"line":44,"column":9},"end":{"line":52,"column":3}},{"start":{"line":44,"column":9},"end":{"line":52,"column":3}}],"line":44},"4":{"loc":{"start":{"line":46,"column":4},"end":{"line":48,"column":5}},"type":"if","locations":[{"start":{"line":46,"column":4},"end":{"line":48,"column":5}},{"start":{"line":46,"column":4},"end":{"line":48,"column":5}}],"line":46},"5":{"loc":{"start":{"line":46,"column":8},"end":{"line":46,"column":52}},"type":"binary-expr","locations":[{"start":{"line":46,"column":8},"end":{"line":46,"column":20}},{"start":{"line":46,"column":24},"end":{"line":46,"column":52}}],"line":46},"6":{"loc":{"start":{"line":49,"column":9},"end":{"line":52,"column":3}},"type":"if","locations":[{"start":{"line":49,"column":9},"end":{"line":52,"column":3}},{"start":{"line":49,"column":9},"end":{"line":52,"column":3}}],"line":49},"7":{"loc":{"start":{"line":51,"column":4},"end":{"line":51,"column":33}},"type":"if","locations":[{"start":{"line":51,"column":4},"end":{"line":51,"column":33}},{"start":{"line":51,"column":4},"end":{"line":51,"column":33}}],"line":51},"8":{"loc":{"start":{"line":63,"column":2},"end":{"line":104,"column":3}},"type":"if","locations":[{"start":{"line":63,"column":2},"end":{"line":104,"column":3}},{"start":{"line":63,"column":2},"end":{"line":104,"column":3}}],"line":63},"9":{"loc":{"start":{"line":70,"column":4},"end":{"line":102,"column":5}},"type":"if","locations":[{"start":{"line":70,"column":4},"end":{"line":102,"column":5}}],"line":70},"10":{"loc":{"start":{"line":87,"column":11},"end":{"line":102,"column":5}},"type":"if","locations":[{"start":{"line":87,"column":11},"end":{"line":102,"column":5}},{"start":{"line":87,"column":11},"end":{"line":102,"column":5}}],"line":87},"11":{"loc":{"start":{"line":89,"column":8},"end":{"line":100,"column":9}},"type":"if","locations":[{"start":{"line":89,"column":8},"end":{"line":100,"column":9}},{"start":{"line":89,"column":8},"end":{"line":100,"column":9}}],"line":89},"12":{"loc":{"start":{"line":108,"column":2},"end":{"line":113,"column":3}},"type":"if","locations":[{"start":{"line":108,"column":2},"end":{"line":113,"column":3}},{"start":{"line":108,"column":2},"end":{"line":113,"column":3}}],"line":108},"13":{"loc":{"start":{"line":124,"column":2},"end":{"line":126,"column":3}},"type":"if","locations":[{"start":{"line":124,"column":2},"end":{"line":126,"column":3}},{"start":{"line":124,"column":2},"end":{"line":126,"column":3}}],"line":124}},"s":{"0":1,"1":1,"2":1,"3":1,"4":1,"5":0,"6":0,"7":0,"8":0,"9":0,"10":0,"11":0,"12":0,"13":0,"14":0,"15":0,"16":0,"17":0,"18":0,"19":0,"20":0,"21":0,"22":0,"23":0,"24":0,"25":0,"26":0,"27":0,"28":0,"29":0,"30":0,"31":0,"32":0,"33":0,"34":0,"35":0,"36":0,"37":0,"38":0,"39":0,"40":0,"41":1,"42":0,"43":0,"44":0,"45":0,"46":0,"47":0,"48":0,"49":0,"50":0,"51":0},"f":{"0":0,"1":0,"2":0,"3":0,"4":0,"5":0,"6":0},"b":{"0":[0,0],"1":[0,0],"2":[0],"3":[0,0],"4":[0,0],"5":[0,0],"6":[0,0],"7":[0,0],"8":[0,0],"9":[0],"10":[0,0],"11":[0,0],"12":[0,0],"13":[0,0]},"_coverageSchema":"1a1c01bbd47fc00a2c39e90264f33305004495a9","hash":"1332ea768b4fc86aedc744cde1511e248bc19738"}
}
