TN:
SF:browser.js
FN:3,noop
FN:6,loadQueries
FN:11,getStat
FN:15,loadConfig
FN:22,loadCountry
FN:28,loadFeature
FN:33,currentNode
FNF:7
FNH:0
FNDA:0,noop
FNDA:0,loadQueries
FNDA:0,getStat
FNDA:0,loadConfig
FNDA:0,loadCountry
FNDA:0,loadFeature
FNDA:0,currentNode
DA:1,1
DA:5,1
DA:7,0
DA:12,0
DA:16,0
DA:17,0
DA:23,0
DA:29,0
DA:34,0
LF:9
LH:2
BRDA:16,0,0,0
BRDA:16,0,1,0
BRF:2
BRH:0
end_of_record
TN:
SF:error.js
FN:1,BrowserslistError
FNF:1
FNH:0
FNDA:0,BrowserslistError
DA:2,0
DA:3,0
DA:4,0
DA:5,0
DA:6,0
DA:10,33
DA:12,33
LF:7
LH:2
BRDA:5,0,0,0
BRDA:5,0,1,0
BRF:2
BRH:0
end_of_record
TN:
SF:index.js
FN:16,isVersionsMatch
FN:20,isEolReleased
FN:22,(anonymous_2)
FN:27,normalize
FN:28,(anonymous_4)
FN:33,normalizeElectron
FN:44,nameMapper
FN:45,mapName
FN:50,getMajor
FN:54,getMajorVersions
FN:69,uniq
FN:72,(anonymous_11)
FN:83,fillUsage
FN:89,generateFilter
FN:92,(anonymous_14)
FN:96,(anonymous_15)
FN:100,(anonymous_16)
FN:104,(anonymous_17)
FN:110,generateSemverFilter
FN:115,(anonymous_19)
FN:120,(anonymous_20)
FN:125,(anonymous_21)
FN:130,(anonymous_22)
FN:137,parseSimpleInt
FN:141,compare
FN:147,compareSemver
FN:156,semverFilterLoose
FN:165,(anonymous_27)
FN:171,(anonymous_28)
FN:179,compareSemverLoose
FN:192,resolveVersion
FN:202,normalizeVersion
FN:213,filterByYear
FN:215,(anonymous_33)
FN:218,(anonymous_34)
FN:225,cloneData
FN:234,mapVersions
FN:235,(anonymous_37)
FN:238,(anonymous_38)
FN:249,byName
FN:268,normalizeAndroidVersions
FN:272,(anonymous_41)
FN:276,normalizeAndroidData
FN:282,checkName
FN:288,unknownQuery
FN:295,filterAndroid
FN:315,resolve
FN:322,(anonymous_47)
FN:340,(anonymous_48)
FN:352,(anonymous_49)
FN:356,(anonymous_50)
FN:365,(anonymous_51)
FN:368,(anonymous_52)
FN:412,browserslist
FN:452,(anonymous_54)
FN:472,parse
FN:480,doMatch
FN:484,(anonymous_57)
FN:499,find
FN:509,flatten
FN:511,(anonymous_60)
FN:581,(anonymous_61)
FN:616,(anonymous_62)
FN:628,(anonymous_63)
FN:629,(anonymous_64)
FN:643,(anonymous_65)
FN:644,(anonymous_66)
FN:658,(anonymous_67)
FN:660,(anonymous_68)
FN:667,(anonymous_69)
FN:679,(anonymous_70)
FN:680,(anonymous_71)
FN:687,(anonymous_72)
FN:698,(anonymous_73)
FN:699,(anonymous_74)
FN:702,(anonymous_75)
FN:712,(anonymous_76)
FN:718,(anonymous_77)
FN:720,(anonymous_78)
FN:727,(anonymous_79)
FN:733,(anonymous_80)
FN:742,(anonymous_81)
FN:745,(anonymous_82)
FN:767,(anonymous_83)
FN:773,(anonymous_84)
FN:795,(anonymous_85)
FN:808,(anonymous_86)
FN:830,(anonymous_87)
FN:839,(anonymous_88)
FN:861,(anonymous_89)
FN:884,(anonymous_90)
FN:902,(anonymous_91)
FN:905,(anonymous_92)
FN:916,(anonymous_93)
FN:927,(anonymous_94)
FN:930,(anonymous_95)
FN:937,(anonymous_96)
FN:938,(anonymous_97)
FN:940,(anonymous_98)
FN:955,(anonymous_99)
FN:962,(anonymous_100)
FN:966,filter
FN:975,(anonymous_102)
FN:979,(anonymous_103)
FN:986,(anonymous_104)
FN:987,(anonymous_105)
FN:989,(anonymous_106)
FN:994,(anonymous_107)
FN:1001,(anonymous_108)
FN:1009,(anonymous_109)
FN:1016,(anonymous_110)
FN:1022,(anonymous_111)
FN:1028,(anonymous_112)
FN:1040,(anonymous_113)
FN:1041,(anonymous_114)
FN:1044,(anonymous_115)
FN:1060,(anonymous_116)
FN:1066,(anonymous_117)
FN:1068,(anonymous_118)
FN:1072,(anonymous_119)
FN:1080,(anonymous_120)
FN:1086,(anonymous_121)
FN:1092,(anonymous_122)
FN:1119,(anonymous_123)
FN:1125,(anonymous_124)
FN:1131,(anonymous_125)
FN:1144,(anonymous_126)
FN:1157,(anonymous_127)
FNF:128
FNH:14
FNDA:0,isVersionsMatch
FNDA:0,isEolReleased
FNDA:0,(anonymous_2)
FNDA:1178,normalize
FNDA:97185,(anonymous_4)
FNDA:0,normalizeElectron
FNDA:0,nameMapper
FNDA:0,mapName
FNDA:0,getMajor
FNDA:0,getMajorVersions
FNDA:1,uniq
FNDA:0,(anonymous_11)
FNDA:589,fillUsage
FNDA:0,generateFilter
FNDA:0,(anonymous_14)
FNDA:0,(anonymous_15)
FNDA:0,(anonymous_16)
FNDA:0,(anonymous_17)
FNDA:0,generateSemverFilter
FNDA:0,(anonymous_19)
FNDA:0,(anonymous_20)
FNDA:0,(anonymous_21)
FNDA:0,(anonymous_22)
FNDA:0,parseSimpleInt
FNDA:0,compare
FNDA:0,compareSemver
FNDA:0,semverFilterLoose
FNDA:0,(anonymous_27)
FNDA:0,(anonymous_28)
FNDA:0,compareSemverLoose
FNDA:0,resolveVersion
FNDA:0,normalizeVersion
FNDA:0,filterByYear
FNDA:0,(anonymous_33)
FNDA:0,(anonymous_34)
FNDA:0,cloneData
FNDA:0,mapVersions
FNDA:0,(anonymous_37)
FNDA:0,(anonymous_38)
FNDA:0,byName
FNDA:0,normalizeAndroidVersions
FNDA:0,(anonymous_41)
FNDA:0,normalizeAndroidData
FNDA:0,checkName
FNDA:0,unknownQuery
FNDA:0,filterAndroid
FNDA:1,resolve
FNDA:3,(anonymous_47)
FNDA:0,(anonymous_48)
FNDA:0,(anonymous_49)
FNDA:0,(anonymous_50)
FNDA:0,(anonymous_51)
FNDA:0,(anonymous_52)
FNDA:1,browserslist
FNDA:0,(anonymous_54)
FNDA:4,parse
FNDA:4,doMatch
FNDA:40,(anonymous_57)
FNDA:4,find
FNDA:9,flatten
FNDA:8,(anonymous_60)
FNDA:0,(anonymous_61)
FNDA:0,(anonymous_62)
FNDA:0,(anonymous_63)
FNDA:0,(anonymous_64)
FNDA:0,(anonymous_65)
FNDA:0,(anonymous_66)
FNDA:0,(anonymous_67)
FNDA:0,(anonymous_68)
FNDA:0,(anonymous_69)
FNDA:0,(anonymous_70)
FNDA:0,(anonymous_71)
FNDA:0,(anonymous_72)
FNDA:0,(anonymous_73)
FNDA:0,(anonymous_74)
FNDA:0,(anonymous_75)
FNDA:0,(anonymous_76)
FNDA:0,(anonymous_77)
FNDA:0,(anonymous_78)
FNDA:0,(anonymous_79)
FNDA:0,(anonymous_80)
FNDA:0,(anonymous_81)
FNDA:0,(anonymous_82)
FNDA:0,(anonymous_83)
FNDA:0,(anonymous_84)
FNDA:0,(anonymous_85)
FNDA:0,(anonymous_86)
FNDA:0,(anonymous_87)
FNDA:0,(anonymous_88)
FNDA:0,(anonymous_89)
FNDA:0,(anonymous_90)
FNDA:0,(anonymous_91)
FNDA:0,(anonymous_92)
FNDA:0,(anonymous_93)
FNDA:0,(anonymous_94)
FNDA:0,(anonymous_95)
FNDA:0,(anonymous_96)
FNDA:0,(anonymous_97)
FNDA:0,(anonymous_98)
FNDA:0,(anonymous_99)
FNDA:0,(anonymous_100)
FNDA:0,filter
FNDA:0,(anonymous_102)
FNDA:0,(anonymous_103)
FNDA:0,(anonymous_104)
FNDA:0,(anonymous_105)
FNDA:0,(anonymous_106)
FNDA:0,(anonymous_107)
FNDA:0,(anonymous_108)
FNDA:0,(anonymous_109)
FNDA:0,(anonymous_110)
FNDA:0,(anonymous_111)
FNDA:0,(anonymous_112)
FNDA:0,(anonymous_113)
FNDA:0,(anonymous_114)
FNDA:0,(anonymous_115)
FNDA:0,(anonymous_116)
FNDA:0,(anonymous_117)
FNDA:0,(anonymous_118)
FNDA:0,(anonymous_119)
FNDA:0,(anonymous_120)
FNDA:0,(anonymous_121)
FNDA:0,(anonymous_122)
FNDA:0,(anonymous_123)
FNDA:0,(anonymous_124)
FNDA:0,(anonymous_125)
FNDA:0,(anonymous_126)
FNDA:31,(anonymous_127)
DA:1,31
DA:2,31
DA:3,31
DA:4,31
DA:5,31
DA:7,31
DA:8,31
DA:10,31
DA:11,31
DA:13,31
DA:14,31
DA:17,0
DA:21,0
DA:22,0
DA:23,0
DA:28,1178
DA:29,97185
DA:34,0
DA:35,0
DA:36,0
DA:41,0
DA:45,0
DA:46,0
DA:51,0
DA:55,0
DA:56,0
DA:57,0
DA:58,0
DA:59,0
DA:61,0
DA:62,0
DA:63,0
DA:64,0
DA:66,0
DA:70,1
DA:71,1
DA:72,0
DA:73,0
DA:74,0
DA:78,1
DA:84,589
DA:85,10261
DA:90,0
DA:91,0
DA:92,0
DA:93,0
DA:95,0
DA:96,0
DA:97,0
DA:99,0
DA:100,0
DA:101,0
DA:104,0
DA:105,0
DA:111,0
DA:112,0
DA:113,0
DA:114,0
DA:115,0
DA:116,0
DA:117,0
DA:119,0
DA:120,0
DA:121,0
DA:122,0
DA:124,0
DA:125,0
DA:126,0
DA:127,0
DA:130,0
DA:131,0
DA:132,0
DA:138,0
DA:142,0
DA:143,0
DA:144,0
DA:148,0
DA:157,0
DA:158,0
DA:159,0
DA:163,0
DA:165,0
DA:166,0
DA:167,0
DA:171,0
DA:172,0
DA:173,0
DA:180,0
DA:181,0
DA:183,0
DA:184,0
DA:186,0
DA:187,0
DA:189,0
DA:193,0
DA:194,0
DA:195,0
DA:196,0
DA:198,0
DA:203,0
DA:204,0
DA:205,0
DA:206,0
DA:207,0
DA:209,0
DA:214,0
DA:215,0
DA:216,0
DA:217,0
DA:218,0
DA:219,0
DA:221,0
DA:226,0
DA:235,0
DA:236,0
DA:238,0
DA:239,0
DA:241,0
DA:242,0
DA:243,0
DA:245,0
DA:246,0
DA:250,0
DA:251,0
DA:252,0
DA:253,0
DA:254,0
DA:255,0
DA:257,0
DA:258,0
DA:259,0
DA:260,0
DA:262,0
DA:265,0
DA:269,0
DA:270,0
DA:271,0
DA:272,0
DA:277,0
DA:278,0
DA:279,0
DA:283,0
DA:284,0
DA:285,0
DA:289,0
DA:296,0
DA:297,0
DA:298,0
DA:299,0
DA:300,0
DA:301,0
DA:303,0
DA:316,1
DA:317,1
DA:319,0
DA:322,1
DA:323,3
DA:325,3
DA:326,3
DA:327,0
DA:328,0
DA:332,0
DA:335,3
DA:336,108
DA:337,108
DA:338,108
DA:339,0
DA:340,0
DA:341,0
DA:342,0
DA:343,0
DA:345,0
DA:349,0
DA:351,0
DA:352,0
DA:353,0
DA:356,0
DA:357,0
DA:360,0
DA:363,0
DA:364,0
DA:365,0
DA:366,0
DA:368,0
DA:369,0
DA:373,0
DA:376,3
DA:378,0
DA:380,3
DA:385,31
DA:413,1
DA:415,1
DA:416,1
DA:419,1
DA:420,0
DA:421,0
DA:422,0
DA:424,0
DA:428,1
DA:429,0
DA:433,1
DA:440,1
DA:441,1
DA:442,1
DA:443,0
DA:444,0
DA:445,0
DA:449,1
DA:450,1
DA:452,1
DA:453,0
DA:454,0
DA:455,0
DA:459,0
DA:460,0
DA:461,0
DA:463,0
DA:466,1
DA:467,1
DA:469,1
DA:473,4
DA:474,4
DA:475,4
DA:477,4
DA:481,4
DA:482,4
DA:484,4
DA:485,40
DA:486,0
DA:487,0
DA:488,40
DA:489,0
DA:490,0
DA:491,40
DA:492,4
DA:493,4
DA:495,36
DA:500,4
DA:501,40
DA:502,40
DA:503,4
DA:506,0
DA:510,9
DA:511,5
DA:512,8
DA:517,31
DA:518,31
DA:519,31
DA:525,31
DA:533,31
DA:550,31
DA:559,31
DA:561,31
DA:562,31
DA:563,31
DA:564,31
DA:565,31
DA:581,31
DA:583,0
DA:584,0
DA:585,0
DA:586,0
DA:587,0
DA:588,0
DA:589,0
DA:590,0
DA:592,0
DA:593,0
DA:594,0
DA:596,0
DA:597,0
DA:598,0
DA:600,0
DA:602,0
DA:603,0
DA:605,0
DA:606,0
DA:608,0
DA:609,0
DA:610,0
DA:611,0
DA:616,0
DA:617,0
DA:618,0
DA:619,0
DA:621,0
DA:625,31
DA:629,0
DA:630,0
DA:631,0
DA:632,0
DA:633,0
DA:634,0
DA:635,0
DA:637,0
DA:644,0
DA:645,0
DA:646,0
DA:647,0
DA:648,0
DA:649,0
DA:650,0
DA:652,0
DA:659,0
DA:660,0
DA:661,0
DA:668,0
DA:669,0
DA:670,0
DA:671,0
DA:672,0
DA:674,0
DA:680,0
DA:681,0
DA:688,0
DA:689,0
DA:690,0
DA:691,0
DA:693,0
DA:699,0
DA:700,0
DA:701,0
DA:702,0
DA:703,0
DA:705,0
DA:706,0
DA:713,0
DA:719,0
DA:720,0
DA:721,0
DA:728,0
DA:734,0
DA:735,0
DA:736,0
DA:737,0
DA:743,0
DA:744,0
DA:745,0
DA:746,0
DA:747,0
DA:748,0
DA:750,0
DA:751,0
DA:752,0
DA:754,0
DA:755,0
DA:756,0
DA:758,0
DA:759,0
DA:761,0
DA:768,0
DA:769,0
DA:770,0
DA:772,0
DA:773,0
DA:774,0
DA:775,0
DA:776,0
DA:778,0
DA:779,0
DA:780,0
DA:782,0
DA:783,0
DA:784,0
DA:786,0
DA:787,0
DA:789,0
DA:796,0
DA:797,0
DA:798,0
DA:799,0
DA:800,0
DA:801,0
DA:804,0
DA:805,0
DA:807,0
DA:808,0
DA:809,0
DA:810,0
DA:811,0
DA:813,0
DA:814,0
DA:815,0
DA:817,0
DA:818,0
DA:819,0
DA:821,0
DA:822,0
DA:824,0
DA:831,0
DA:832,0
DA:833,0
DA:835,0
DA:837,0
DA:838,0
DA:839,0
DA:840,0
DA:841,0
DA:842,0
DA:844,0
DA:845,0
DA:846,0
DA:848,0
DA:849,0
DA:850,0
DA:852,0
DA:853,0
DA:855,0
DA:862,0
DA:863,0
DA:864,0
DA:865,0
DA:866,0
DA:867,0
DA:871,0
DA:873,0
DA:874,0
DA:875,0
DA:876,0
DA:878,0
DA:880,0
DA:881,0
DA:884,0
DA:885,0
DA:887,0
DA:888,0
DA:890,0
DA:891,0
DA:892,0
DA:893,0
DA:894,0
DA:895,0
DA:897,0
DA:903,0
DA:904,0
DA:905,0
DA:906,0
DA:907,0
DA:908,0
DA:910,0
DA:917,0
DA:918,0
DA:919,0
DA:920,0
DA:922,0
DA:923,0
DA:925,0
DA:926,0
DA:927,0
DA:928,0
DA:929,0
DA:931,0
DA:938,0
DA:939,0
DA:941,0
DA:943,0
DA:944,0
DA:945,0
DA:948,0
DA:949,0
DA:952,0
DA:956,0
DA:963,0
DA:964,0
DA:965,0
DA:967,0
DA:968,0
DA:970,0
DA:976,0
DA:977,0
DA:980,0
DA:987,0
DA:988,0
DA:990,0
DA:992,0
DA:995,0
DA:1002,0
DA:1003,0
DA:1004,0
DA:1005,0
DA:1007,0
DA:1010,0
DA:1017,0
DA:1023,0
DA:1029,0
DA:1030,0
DA:1031,0
DA:1032,0
DA:1035,0
DA:1041,0
DA:1042,0
DA:1044,0
DA:1045,0
DA:1047,0
DA:1048,0
DA:1049,0
DA:1051,0
DA:1055,0
DA:1061,0
DA:1067,0
DA:1068,0
DA:1069,0
DA:1073,0
DA:1075,0
DA:1081,0
DA:1087,0
DA:1093,0
DA:1094,0
DA:1095,0
DA:1096,0
DA:1097,0
DA:1099,0
DA:1100,0
DA:1102,0
DA:1104,0
DA:1105,0
DA:1106,0
DA:1107,0
DA:1108,0
DA:1110,0
DA:1114,0
DA:1120,0
DA:1126,0
DA:1132,0
DA:1139,0
DA:1145,0
DA:1146,0
DA:1149,0
DA:1157,31
DA:1158,31
DA:1159,589
DA:1160,589
DA:1166,589
DA:1168,589
DA:1169,589
DA:1170,49476
DA:1171,49476
DA:1173,10261
DA:1174,682
DA:1175,682
DA:1176,1364
DA:1183,31
LF:542
LH:94
BRDA:35,0,0,0
BRDA:35,0,1,0
BRDA:55,1,0,0
BRDA:55,1,1,0
BRDA:58,2,0,0
BRDA:58,2,1,0
BRDA:63,3,0,0
BRDA:63,3,1,0
BRDA:71,4,0,0
BRDA:71,4,1,1
BRDA:73,5,0,0
BRDA:73,5,1,0
BRDA:91,6,0,0
BRDA:91,6,1,0
BRDA:95,7,0,0
BRDA:95,7,1,0
BRDA:99,8,0,0
BRDA:99,8,1,0
BRDA:112,9,0,0
BRDA:112,9,1,0
BRDA:113,10,0,0
BRDA:113,10,1,0
BRDA:114,11,0,0
BRDA:114,11,1,0
BRDA:119,12,0,0
BRDA:119,12,1,0
BRDA:124,13,0,0
BRDA:124,13,1,0
BRDA:142,14,0,0
BRDA:142,14,1,0
BRDA:143,15,0,0
BRDA:143,15,1,0
BRDA:149,16,0,0
BRDA:149,16,1,0
BRDA:149,16,2,0
BRDA:150,17,0,0
BRDA:150,17,1,0
BRDA:150,18,0,0
BRDA:150,18,1,0
BRDA:151,19,0,0
BRDA:151,19,1,0
BRDA:151,20,0,0
BRDA:151,20,1,0
BRDA:158,21,0,0
BRDA:158,21,1,0
BRDA:163,22,0,0
BRDA:163,22,1,0
BRDA:163,22,2,0
BRDA:180,23,0,0
BRDA:180,23,1,0
BRDA:181,24,0,0
BRDA:181,24,1,0
BRDA:183,25,0,0
BRDA:183,25,1,0
BRDA:186,26,0,0
BRDA:186,26,1,0
BRDA:187,27,0,0
BRDA:187,27,1,0
BRDA:193,28,0,0
BRDA:193,28,1,0
BRDA:195,29,0,0
BRDA:195,29,1,0
BRDA:204,30,0,0
BRDA:204,30,1,0
BRDA:206,31,0,0
BRDA:206,31,1,0
BRDA:217,32,0,0
BRDA:217,32,1,0
BRDA:236,33,0,0
BRDA:236,33,1,0
BRDA:239,34,0,0
BRDA:239,34,1,0
BRDA:243,35,0,0
BRDA:243,35,1,0
BRDA:251,36,0,0
BRDA:251,36,1,0
BRDA:252,37,0,0
BRDA:252,37,1,0
BRDA:252,38,0,0
BRDA:252,38,1,0
BRDA:254,39,0,0
BRDA:254,39,1,0
BRDA:259,40,0,0
BRDA:259,40,1,0
BRDA:284,41,0,0
BRDA:284,41,1,0
BRDA:296,42,0,0
BRDA:296,42,1,0
BRDA:300,43,0,0
BRDA:300,43,1,0
BRDA:316,44,0,1
BRDA:316,44,1,0
BRDA:326,45,0,0
BRDA:326,45,1,3
BRDA:327,46,0,0
BRDA:327,46,1,0
BRDA:338,47,0,0
BRDA:338,47,1,108
BRDA:342,48,0,0
BRDA:342,48,1,0
BRDA:349,49,0,0
BRDA:349,49,1,0
BRDA:349,49,2,0
BRDA:351,50,0,0
BRDA:351,50,1,0
BRDA:363,51,0,0
BRDA:363,51,1,0
BRDA:376,52,0,0
BRDA:376,52,1,3
BRDA:376,53,0,3
BRDA:376,53,1,3
BRDA:413,54,0,1
BRDA:413,54,1,0
BRDA:415,55,0,1
BRDA:415,55,1,0
BRDA:416,56,0,1
BRDA:416,56,1,0
BRDA:419,57,0,0
BRDA:419,57,1,1
BRDA:419,58,0,1
BRDA:419,58,1,1
BRDA:421,59,0,0
BRDA:421,59,1,0
BRDA:428,60,0,0
BRDA:428,60,1,1
BRDA:428,61,0,1
BRDA:428,61,1,1
BRDA:442,62,0,0
BRDA:442,62,1,1
BRDA:450,63,0,0
BRDA:450,63,1,1
BRDA:455,64,0,0
BRDA:455,64,1,0
BRDA:466,65,0,1
BRDA:466,65,1,0
BRDA:485,66,0,0
BRDA:485,66,1,40
BRDA:488,67,0,0
BRDA:488,67,1,40
BRDA:491,68,0,4
BRDA:491,68,1,36
BRDA:502,69,0,4
BRDA:502,69,1,36
BRDA:510,70,0,4
BRDA:510,70,1,5
BRDA:583,71,0,0
BRDA:583,71,1,0
BRDA:585,72,0,0
BRDA:585,72,1,0
BRDA:587,73,0,0
BRDA:587,73,1,0
BRDA:589,74,0,0
BRDA:589,74,1,0
BRDA:596,75,0,0
BRDA:596,75,1,0
BRDA:597,76,0,0
BRDA:597,76,1,0
BRDA:605,77,0,0
BRDA:605,77,1,0
BRDA:618,78,0,0
BRDA:618,78,1,0
BRDA:621,79,0,0
BRDA:621,79,1,0
BRDA:631,80,0,0
BRDA:631,80,1,0
BRDA:634,81,0,0
BRDA:634,81,1,0
BRDA:646,82,0,0
BRDA:646,82,1,0
BRDA:649,83,0,0
BRDA:649,83,1,0
BRDA:671,84,0,0
BRDA:671,84,1,0
BRDA:690,85,0,0
BRDA:690,85,1,0
BRDA:701,86,0,0
BRDA:701,86,1,0
BRDA:735,87,0,0
BRDA:735,87,1,0
BRDA:736,88,0,0
BRDA:736,88,1,0
BRDA:746,89,0,0
BRDA:746,89,1,0
BRDA:747,90,0,0
BRDA:747,90,1,0
BRDA:750,91,0,0
BRDA:750,91,1,0
BRDA:751,92,0,0
BRDA:751,92,1,0
BRDA:754,93,0,0
BRDA:754,93,1,0
BRDA:755,94,0,0
BRDA:755,94,1,0
BRDA:758,95,0,0
BRDA:758,95,1,0
BRDA:769,96,0,0
BRDA:769,96,1,0
BRDA:774,97,0,0
BRDA:774,97,1,0
BRDA:775,98,0,0
BRDA:775,98,1,0
BRDA:778,99,0,0
BRDA:778,99,1,0
BRDA:779,100,0,0
BRDA:779,100,1,0
BRDA:782,101,0,0
BRDA:782,101,1,0
BRDA:783,102,0,0
BRDA:783,102,1,0
BRDA:786,103,0,0
BRDA:786,103,1,0
BRDA:798,104,0,0
BRDA:798,104,1,0
BRDA:804,105,0,0
BRDA:804,105,1,0
BRDA:809,106,0,0
BRDA:809,106,1,0
BRDA:810,107,0,0
BRDA:810,107,1,0
BRDA:813,108,0,0
BRDA:813,108,1,0
BRDA:814,109,0,0
BRDA:814,109,1,0
BRDA:817,110,0,0
BRDA:817,110,1,0
BRDA:818,111,0,0
BRDA:818,111,1,0
BRDA:821,112,0,0
BRDA:821,112,1,0
BRDA:832,113,0,0
BRDA:832,113,1,0
BRDA:840,114,0,0
BRDA:840,114,1,0
BRDA:841,115,0,0
BRDA:841,115,1,0
BRDA:844,116,0,0
BRDA:844,116,1,0
BRDA:845,117,0,0
BRDA:845,117,1,0
BRDA:848,118,0,0
BRDA:848,118,1,0
BRDA:849,119,0,0
BRDA:849,119,1,0
BRDA:852,120,0,0
BRDA:852,120,1,0
BRDA:864,121,0,0
BRDA:864,121,1,0
BRDA:865,122,0,0
BRDA:865,122,1,0
BRDA:866,123,0,0
BRDA:866,123,1,0
BRDA:875,124,0,0
BRDA:875,124,1,0
BRDA:892,125,0,0
BRDA:892,125,1,0
BRDA:895,126,0,0
BRDA:895,126,1,0
BRDA:907,127,0,0
BRDA:907,127,1,0
BRDA:907,128,0,0
BRDA:907,128,1,0
BRDA:919,129,0,0
BRDA:919,129,1,0
BRDA:922,130,0,0
BRDA:922,130,1,0
BRDA:929,131,0,0
BRDA:929,131,1,0
BRDA:944,132,0,0
BRDA:944,132,1,0
BRDA:948,133,0,0
BRDA:948,133,1,0
BRDA:964,134,0,0
BRDA:964,134,1,0
BRDA:965,135,0,0
BRDA:965,135,1,0
BRDA:968,136,0,0
BRDA:968,136,1,0
BRDA:1004,137,0,0
BRDA:1004,137,1,0
BRDA:1031,138,0,0
BRDA:1031,138,1,0
BRDA:1047,139,0,0
BRDA:1047,139,1,0
BRDA:1048,140,0,0
BRDA:1048,140,1,0
BRDA:1069,141,0,0
BRDA:1069,141,1,0
BRDA:1069,141,2,0
BRDA:1093,142,0,0
BRDA:1093,142,1,0
BRDA:1096,143,0,0
BRDA:1096,143,1,0
BRDA:1099,144,0,0
BRDA:1099,144,1,0
BRDA:1105,145,0,0
BRDA:1105,145,1,0
BRDA:1107,146,0,0
BRDA:1107,146,1,0
BRDA:1145,147,0,0
BRDA:1145,147,1,0
BRDA:1171,148,0,39215
BRDA:1171,148,1,10261
BRDA:1173,149,0,682
BRDA:1173,149,1,9579
BRF:304
BRH:31
end_of_record
TN:
SF:node.js
FN:18,checkExtend
FN:34,isFile
FN:45,eachParent
FN:55,check
FN:67,pickEnv
FN:84,parsePackage
FN:102,latestReleaseTime
FN:115,normalizeStats
FN:141,normalizeUsageData
FN:156,loadQueries
FN:176,loadStat
FN:190,getStat
FN:197,(anonymous_12)
FN:212,loadConfig
FN:229,loadCountry
FN:245,loadFeature
FN:260,parseConfig
FN:267,(anonymous_17)
FN:270,(anonymous_18)
FN:273,(anonymous_19)
FN:276,(anonymous_20)
FN:285,(anonymous_21)
FN:294,readConfig
FN:301,findConfig
FN:305,(anonymous_24)
FN:349,(anonymous_25)
FN:356,clearCaches
FN:364,oldDataWarning
FN:383,currentNode
FNF:29
FNH:7
FNDA:0,checkExtend
FNDA:6,isFile
FNDA:1,eachParent
FNDA:0,check
FNDA:0,pickEnv
FNDA:0,parsePackage
FNDA:1,latestReleaseTime
FNDA:1,normalizeStats
FNDA:0,normalizeUsageData
FNDA:0,loadQueries
FNDA:0,loadStat
FNDA:1,getStat
FNDA:5,(anonymous_12)
FNDA:0,loadConfig
FNDA:0,loadCountry
FNDA:0,loadFeature
FNDA:0,parseConfig
FNDA:0,(anonymous_17)
FNDA:0,(anonymous_18)
FNDA:0,(anonymous_19)
FNDA:0,(anonymous_20)
FNDA:0,(anonymous_21)
FNDA:0,readConfig
FNDA:0,findConfig
FNDA:0,(anonymous_24)
FNDA:0,(anonymous_25)
FNDA:0,clearCaches
FNDA:1,oldDataWarning
FNDA:0,currentNode
DA:1,30
DA:2,30
DA:3,30
DA:4,30
DA:6,30
DA:8,30
DA:9,30
DA:10,30
DA:11,30
DA:12,30
DA:15,30
DA:16,30
DA:17,30
DA:19,0
DA:20,0
DA:21,0
DA:24,0
DA:25,0
DA:28,0
DA:29,0
DA:35,6
DA:36,0
DA:38,6
DA:39,6
DA:40,6
DA:42,6
DA:46,1
DA:47,1
DA:48,1
DA:49,5
DA:50,5
DA:52,1
DA:56,0
DA:57,0
DA:58,0
DA:59,0
DA:62,0
DA:63,0
DA:68,0
DA:71,0
DA:72,0
DA:73,0
DA:74,0
DA:75,0
DA:76,0
DA:78,0
DA:81,0
DA:85,0
DA:86,0
DA:87,0
DA:91,0
DA:92,0
DA:93,0
DA:95,0
DA:96,0
DA:99,0
DA:103,1
DA:104,1
DA:105,19
DA:106,19
DA:107,331
DA:108,20
DA:112,1
DA:116,1
DA:117,0
DA:120,1
DA:122,0
DA:123,0
DA:124,0
DA:125,0
DA:130,0
DA:131,0
DA:132,0
DA:134,0
DA:138,0
DA:142,0
DA:143,0
DA:147,0
DA:148,0
DA:149,0
DA:150,0
DA:155,30
DA:157,0
DA:158,0
DA:161,0
DA:162,0
DA:163,0
DA:164,0
DA:165,0
DA:166,0
DA:167,0
DA:170,0
DA:177,0
DA:178,0
DA:181,0
DA:187,0
DA:192,1
DA:193,0
DA:194,1
DA:195,0
DA:196,1
DA:197,1
DA:198,5
DA:199,5
DA:202,1
DA:203,0
DA:204,0
DA:206,0
DA:209,1
DA:213,0
DA:214,0
DA:215,0
DA:216,0
DA:217,0
DA:218,0
DA:220,0
DA:222,0
DA:223,0
DA:225,0
DA:230,0
DA:231,0
DA:233,0
DA:234,0
DA:235,0
DA:236,0
DA:237,0
DA:238,0
DA:239,0
DA:246,0
DA:247,0
DA:250,0
DA:251,0
DA:252,0
DA:253,0
DA:254,0
DA:255,0
DA:261,0
DA:262,0
DA:264,0
DA:268,0
DA:271,0
DA:274,0
DA:275,0
DA:276,0
DA:277,0
DA:278,0
DA:282,0
DA:285,0
DA:286,0
DA:291,0
DA:295,0
DA:296,0
DA:298,0
DA:302,0
DA:304,0
DA:305,0
DA:306,0
DA:307,0
DA:310,0
DA:312,0
DA:313,0
DA:314,0
DA:317,0
DA:318,0
DA:319,0
DA:321,0
DA:322,0
DA:328,0
DA:329,0
DA:332,0
DA:333,0
DA:336,0
DA:337,0
DA:340,0
DA:341,0
DA:342,0
DA:343,0
DA:345,0
DA:348,0
DA:349,0
DA:350,0
DA:353,0
DA:357,0
DA:358,0
DA:359,0
DA:361,0
DA:365,1
DA:366,1
DA:367,1
DA:369,1
DA:370,1
DA:372,1
DA:373,0
DA:384,0
LF:194
LH:48
BRDA:20,0,0,0
BRDA:20,0,1,0
BRDA:20,1,0,0
BRDA:20,1,1,0
BRDA:24,2,0,0
BRDA:24,2,1,0
BRDA:28,3,0,0
BRDA:28,3,1,0
BRDA:35,4,0,0
BRDA:35,4,1,6
BRDA:38,5,0,6
BRDA:38,5,1,1
BRDA:39,6,0,6
BRDA:39,6,1,0
BRDA:46,7,0,0
BRDA:46,7,1,1
BRDA:50,8,0,0
BRDA:50,8,1,5
BRDA:56,9,0,0
BRDA:56,9,1,0
BRDA:58,10,0,0
BRDA:58,10,1,0
BRDA:62,11,0,0
BRDA:62,11,1,0
BRDA:68,12,0,0
BRDA:68,12,1,0
BRDA:71,13,0,0
BRDA:71,13,1,0
BRDA:73,14,0,0
BRDA:73,14,1,0
BRDA:75,15,0,0
BRDA:75,15,1,0
BRDA:81,16,0,0
BRDA:81,16,1,0
BRDA:86,17,0,0
BRDA:86,17,1,0
BRDA:86,18,0,0
BRDA:86,18,1,0
BRDA:92,19,0,0
BRDA:92,19,1,0
BRDA:92,20,0,0
BRDA:92,20,1,0
BRDA:105,21,0,19
BRDA:105,21,1,0
BRDA:107,22,0,20
BRDA:107,22,1,311
BRDA:116,23,0,0
BRDA:116,23,1,1
BRDA:116,24,0,1
BRDA:116,24,1,0
BRDA:120,25,0,1
BRDA:120,25,1,0
BRDA:125,26,0,0
BRDA:125,26,1,0
BRDA:126,27,0,0
BRDA:126,27,1,0
BRDA:126,27,2,0
BRDA:147,28,0,0
BRDA:147,28,1,0
BRDA:157,29,0,0
BRDA:157,29,1,0
BRDA:157,30,0,0
BRDA:157,30,1,0
BRDA:162,31,0,0
BRDA:162,31,1,0
BRDA:163,32,0,0
BRDA:163,32,1,0
BRDA:165,33,0,0
BRDA:165,33,1,0
BRDA:166,34,0,0
BRDA:166,34,1,0
BRDA:177,35,0,0
BRDA:177,35,1,0
BRDA:177,36,0,0
BRDA:177,36,1,0
BRDA:192,37,0,0
BRDA:192,37,1,1
BRDA:194,38,0,0
BRDA:194,38,1,1
BRDA:196,39,0,1
BRDA:196,39,1,0
BRDA:196,40,0,1
BRDA:196,40,1,1
BRDA:196,40,2,1
BRDA:199,41,0,0
BRDA:199,41,1,5
BRDA:202,42,0,0
BRDA:202,42,1,1
BRDA:213,43,0,0
BRDA:213,43,1,0
BRDA:215,44,0,0
BRDA:215,44,1,0
BRDA:215,45,0,0
BRDA:215,45,1,0
BRDA:216,46,0,0
BRDA:216,46,1,0
BRDA:217,47,0,0
BRDA:217,47,1,0
BRDA:222,48,0,0
BRDA:222,48,1,0
BRDA:231,49,0,0
BRDA:231,49,1,0
BRDA:247,50,0,0
BRDA:247,50,1,0
BRDA:274,51,0,0
BRDA:274,51,1,0
BRDA:277,52,0,0
BRDA:277,52,1,0
BRDA:295,53,0,0
BRDA:295,53,1,0
BRDA:306,54,0,0
BRDA:306,54,1,0
BRDA:317,55,0,0
BRDA:317,55,1,0
BRDA:321,56,0,0
BRDA:321,56,1,0
BRDA:328,57,0,0
BRDA:328,57,1,0
BRDA:328,58,0,0
BRDA:328,58,1,0
BRDA:332,59,0,0
BRDA:332,59,1,0
BRDA:332,60,0,0
BRDA:332,60,1,0
BRDA:336,61,0,0
BRDA:336,61,1,0
BRDA:336,62,0,0
BRDA:336,62,1,0
BRDA:340,63,0,0
BRDA:340,63,1,0
BRDA:342,64,0,0
BRDA:342,64,1,0
BRDA:348,65,0,0
BRDA:348,65,1,0
BRDA:365,66,0,0
BRDA:365,66,1,1
BRDA:367,67,0,0
BRDA:367,67,1,1
BRDA:372,68,0,0
BRDA:372,68,1,1
BRDA:372,69,0,1
BRDA:372,69,1,1
BRF:142
BRH:25
end_of_record
TN:
SF:update-db.js
FN:8,detectLockfile
FN:9,(anonymous_1)
FN:38,getCurrentVersion
FN:56,getLatestInfo
FN:62,updateLockfile
FN:107,deletePackage
FN:117,updateDB
FNF:7
FNH:0
FNDA:0,detectLockfile
FNDA:0,(anonymous_1)
FNDA:0,getCurrentVersion
FNDA:0,getLatestInfo
FNDA:0,updateLockfile
FNDA:0,deletePackage
FNDA:0,updateDB
DA:1,1
DA:2,1
DA:3,1
DA:4,1
DA:6,1
DA:9,0
DA:10,0
DA:13,0
DA:14,0
DA:20,0
DA:21,0
DA:22,0
DA:41,0
DA:44,0
DA:45,0
DA:46,0
DA:47,0
DA:49,0
DA:50,0
DA:51,0
DA:53,0
DA:57,0
DA:63,0
DA:64,0
DA:65,0
DA:67,0
DA:70,0
DA:87,0
DA:88,0
DA:89,0
DA:90,0
DA:93,0
DA:96,0
DA:99,0
DA:103,0
DA:108,0
DA:109,0
DA:110,0
DA:111,0
DA:114,0
DA:117,1
DA:118,0
DA:119,0
DA:121,0
DA:122,0
DA:124,0
DA:125,0
DA:127,0
DA:132,0
DA:133,0
DA:135,0
LF:51
LH:6
BRDA:10,0,0,0
BRDA:10,0,1,0
BRDA:13,1,0,0
BRDA:13,1,1,0
BRDA:41,2,0,0
BRDA:44,3,0,0
BRDA:44,3,1,0
BRDA:46,4,0,0
BRDA:46,4,1,0
BRDA:46,5,0,0
BRDA:46,5,1,0
BRDA:49,6,0,0
BRDA:49,6,1,0
BRDA:51,7,0,0
BRDA:51,7,1,0
BRDA:63,8,0,0
BRDA:63,8,1,0
BRDA:70,9,0,0
BRDA:87,10,0,0
BRDA:87,10,1,0
BRDA:89,11,0,0
BRDA:89,11,1,0
BRDA:108,12,0,0
BRDA:108,12,1,0
BRDA:124,13,0,0
BRDA:124,13,1,0
BRF:26
BRH:0
end_of_record
